{"numTotalTestSuites":3,"numPassedTestSuites":1,"numFailedTestSuites":2,"numPendingTestSuites":0,"numTotalTests":8,"numPassedTests":7,"numFailedTests":1,"numPendingTests":0,"numTodoTests":0,"snapshot":{"added":0,"failure":false,"filesAdded":0,"filesRemoved":0,"filesRemovedList":[],"filesUnmatched":0,"filesUpdated":0,"matched":0,"total":0,"unchecked":0,"uncheckedKeysByFile":[],"unmatched":0,"updated":0,"didUpdate":false},"startTime":1787315231389,"success":false,"testResults":[{"assertionResults":[{"ancestorTitles":["global language store"],"fullName":"global language store starts in Indonesian by default and swaps the shared uiText binding","status":"passed","title":"starts in Indonesian by default and swaps the shared uiText binding","duration":3.827400000000125,"failureMessages":[],"meta":{},"tags":[]},{"ancestorTitles":["global language store"],"fullName":"global language store falls back to Indonesian for unknown language values","status":"passed","title":"falls back to Indonesian for unknown language values","duration":0.5232999999998356,"failureMessages":[],"meta":{},"tags":[]},{"ancestorTitles":["global language store"],"fullName":"global language store persists the switch across re-reads","status":"passed","title":"persists the switch across re-reads","duration":0.8488000000002103,"failureMessages":[],"meta":{},"tags":[]},{"ancestorTitles":["global language store"],"fullName":"global language store hydrates the shared uiText binding from persisted storage on startup","status":"passed","title":"hydrates the shared uiText binding from persisted storage on startup","duration":0.528599999999642,"failureMessages":[],"meta":{},"tags":[]},{"ancestorTitles":["LanguageProvider reconciliation"],"fullName":"LanguageProvider reconciliation adopts the backend settings language for authenticated sessions","status":"passed","title":"adopts the backend settings language for authenticated sessions","duration":44.341399999999794,"failureMessages":[],"meta":{},"tags":[]},{"ancestorTitles":["LanguageProvider reconciliation"],"fullName":"LanguageProvider reconciliation does not remount the app tree when the locale changes","status":"passed","title":"does not remount the app tree when the locale changes","duration":4.372699999999895,"failureMessages":[],"meta":{},"tags":[]},{"ancestorTitles":["LanguageProvider reconciliation"],"fullName":"LanguageProvider reconciliation does not refetch settings or remount settings content when preferences change","status":"failed","title":"does not refetch settings or remount settings content when preferences change","duration":411.03870000000006,"failureMessages":["TestingLibraryElementError: Found multiple elements with the role \"combobox\"\n\nHere are the matching elements:\n\nIgnored nodes: comments, script, style\n\u001b[36m<button\u001b[39m\n  \u001b[33maria-autocomplete\u001b[39m=\u001b[32m\"none\"\u001b[39m\n  \u001b[33maria-expanded\u001b[39m=\u001b[32m\"false\"\u001b[39m\n  \u001b[33mclass\u001b[39m=\u001b[32m\"border-input bg-transparent data-[placeholder]:text-muted-foreground focus-visible:border-ring focus-visible:ring-ring/50 aria-invalid:border-destructive aria-invalid:ring-destructive/20 dark:bg-input/30 dark:aria-invalid:border-destructive/50 dark:aria-invalid:ring-destructive/40 [&_svg:not([class*='text-'])]:text-muted-foreground flex items-center justify-between gap-2 rounded-md border px-3 py-2 text-sm whitespace-nowrap shadow-xs transition-[color,box-shadow] outline-none focus-visible:ring-[3px] disabled:cursor-not-allowed disabled:opacity-50 *:data-[slot=select-value]:line-clamp-1 *:data-[slot=select-value]:flex *:data-[slot=select-value]:items-center *:data-[slot=select-value]:gap-2 [&_svg]:pointer-events-none [&_svg]:shrink-0 [&_svg:not([class*='size-'])]:size-4 data-[size=sm]:h-8 data-[size=sm]:px-2.5 data-[size=sm]:text-xs data-[size=default]:h-9 w-full sm:w-48\"\u001b[39m\n  \u001b[33mdata-size\u001b[39m=\u001b[32m\"default\"\u001b[39m\n  \u001b[33mdata-slot\u001b[39m=\u001b[32m\"select-trigger\"\u001b[39m\n  \u001b[33mdata-state\u001b[39m=\u001b[32m\"closed\"\u001b[39m\n  \u001b[33mdir\u001b[39m=\u001b[32m\"ltr\"\u001b[39m\n  \u001b[33mid\u001b[39m=\u001b[32m\"settings-currency\"\u001b[39m\n  \u001b[33mrole\u001b[39m=\u001b[32m\"combobox\"\u001b[39m\n  \u001b[33mtype\u001b[39m=\u001b[32m\"button\"\u001b[39m\n\u001b[36m>\u001b[39m\n  \u001b[36m<span\u001b[39m\n    \u001b[33mdata-slot\u001b[39m=\u001b[32m\"select-value\"\u001b[39m\n    \u001b[33mstyle\u001b[39m=\u001b[32m\"pointer-events: none;\"\u001b[39m\n  \u001b[36m>\u001b[39m\n    \u001b[0mIDR\u001b[0m\n  \u001b[36m</span>\u001b[39m\n  \u001b[36m<svg\u001b[39m\n    \u001b[33maria-hidden\u001b[39m=\u001b[32m\"true\"\u001b[39m\n    \u001b[33mclass\u001b[39m=\u001b[32m\"lucide lucide-chevron-down size-4 opacity-50\"\u001b[39m\n    \u001b[33mfill\u001b[39m=\u001b[32m\"none\"\u001b[39m\n    \u001b[33mheight\u001b[39m=\u001b[32m\"24\"\u001b[39m\n    \u001b[33mstroke\u001b[39m=\u001b[32m\"currentColor\"\u001b[39m\n    \u001b[33mstroke-linecap\u001b[39m=\u001b[32m\"round\"\u001b[39m\n    \u001b[33mstroke-linejoin\u001b[39m=\u001b[32m\"round\"\u001b[39m\n    \u001b[33mstroke-width\u001b[39m=\u001b[32m\"2\"\u001b[39m\n    \u001b[33mviewBox\u001b[39m=\u001b[32m\"0 0 24 24\"\u001b[39m\n    \u001b[33mwidth\u001b[39m=\u001b[32m\"24\"\u001b[39m\n    \u001b[33mxmlns\u001b[39m=\u001b[32m\"http://www.w3.org/2000/svg\"\u001b[39m\n  \u001b[36m>\u001b[39m\n    \u001b[36m<path\u001b[39m\n      \u001b[33md\u001b[39m=\u001b[32m\"m6 9 6 6 6-6\"\u001b[39m\n    \u001b[36m/>\u001b[39m\n  \u001b[36m</svg>\u001b[39m\n\u001b[36m</button>\u001b[39m\n\nIgnored nodes: comments, script, style\n\u001b[36m<button\u001b[39m\n  \u001b[33maria-autocomplete\u001b[39m=\u001b[32m\"none\"\u001b[39m\n  \u001b[33maria-expanded\u001b[39m=\u001b[32m\"false\"\u001b[39m\n  \u001b[33mclass\u001b[39m=\u001b[32m\"border-input bg-transparent data-[placeholder]:text-muted-foreground focus-visible:border-ring focus-visible:ring-ring/50 aria-invalid:border-destructive aria-invalid:ring-destructive/20 dark:bg-input/30 dark:aria-invalid:border-destructive/50 dark:aria-invalid:ring-destructive/40 [&_svg:not([class*='text-'])]:text-muted-foreground flex items-center justify-between gap-2 rounded-md border px-3 py-2 text-sm whitespace-nowrap shadow-xs transition-[color,box-shadow] outline-none focus-visible:ring-[3px] disabled:cursor-not-allowed disabled:opacity-50 *:data-[slot=select-value]:line-clamp-1 *:data-[slot=select-value]:flex *:data-[slot=select-value]:items-center *:data-[slot=select-value]:gap-2 [&_svg]:pointer-events-none [&_svg]:shrink-0 [&_svg:not([class*='size-'])]:size-4 data-[size=sm]:h-8 data-[size=sm]:px-2.5 data-[size=sm]:text-xs data-[size=default]:h-9 w-36\"\u001b[39m\n  \u001b[33mdata-size\u001b[39m=\u001b[32m\"default\"\u001b[39m\n  \u001b[33mdata-slot\u001b[39m=\u001b[32m\"select-trigger\"\u001b[39m\n  \u001b[33mdata-state\u001b[39m=\u001b[32m\"closed\"\u001b[39m\n  \u001b[33mdir\u001b[39m=\u001b[32m\"ltr\"\u001b[39m\n  \u001b[33mid\u001b[39m=\u001b[32m\"fb-threshold\"\u001b[39m\n  \u001b[33mrole\u001b[39m=\u001b[32m\"combobox\"\u001b[39m\n  \u001b[33mtype\u001b[39m=\u001b[32m\"button\"\u001b[39m\n\u001b[36m>\u001b[39m\n  \u001b[36m<span\u001b[39m\n    \u001b[33mdata-slot\u001b[39m=\u001b[32m\"select-value\"\u001b[39m\n    \u001b[33mstyle\u001b[39m=\u001b[32m\"pointer-events: none;\"\u001b[39m\n  \u001b[36m>\u001b[39m\n    \u001b[0m80\u001b[0m\n    \u001b[0m%\u001b[0m\n  \u001b[36m</span>\u001b[39m\n  \u001b[36m<svg\u001b[39m\n    \u001b[33maria-hidden\u001b[39m=\u001b[32m\"true\"\u001b[39m\n    \u001b[33mclass\u001b[39m=\u001b[32m\"lucide lucide-chevron-down size-4 opacity-50\"\u001b[39m\n    \u001b[33mfill\u001b[39m=\u001b[32m\"none\"\u001b[39m\n    \u001b[33mheight\u001b[39m=\u001b[32m\"24\"\u001b[39m\n    \u001b[33mstroke\u001b[39m=\u001b[32m\"currentColor\"\u001b[39m\n    \u001b[33mstroke-linecap\u001b[39m=\u001b[32m\"round\"\u001b[39m\n    \u001b[33mstroke-linejoin\u001b[39m=\u001b[32m\"round\"\u001b[39m\n    \u001b[33mstroke-width\u001b[39m=\u001b[32m\"2\"\u001b[39m\n    \u001b[33mviewBox\u001b[39m=\u001b[32m\"0 0 24 24\"\u001b[39m\n    \u001b[33mwidth\u001b[39m=\u001b[32m\"24\"\u001b[39m\n    \u001b[33mxmlns\u001b[39m=\u001b[32m\"http://www.w3.org/2000/svg\"\u001b[39m\n  \u001b[36m>\u001b[39m\n    \u001b[36m<path\u001b[39m\n      \u001b[33md\u001b[39m=\u001b[32m\"m6 9 6 6 6-6\"\u001b[39m\n    \u001b[36m/>\u001b[39m\n  \u001b[36m</svg>\u001b[39m\n\u001b[36m</button>\u001b[39m\n\n(If this is intentional, then use the `*AllBy*` variant of the query (like `queryAllByText`, `getAllByText`, or `findAllByText`)).\n\nIgnored nodes: comments, script, style\n\u001b[36m<body>\u001b[39m\n  \u001b[36m<div>\u001b[39m\n    \u001b[36m<div\u001b[39m\n      \u001b[33mclass\u001b[39m=\u001b[32m\"space-y-8\"\u001b[39m\n    \u001b[36m>\u001b[39m\n      \u001b[36m<div>\u001b[39m\n        \u001b[36m<h1\u001b[39m\n          \u001b[33mclass\u001b[39m=\u001b[32m\"text-2xl font-semibold tracking-tight text-foreground\"\u001b[39m\n        \u001b[36m>\u001b[39m\n          \u001b[0mPengaturan\u001b[0m\n        \u001b[36m</h1>\u001b[39m\n        \u001b[36m<p\u001b[39m\n          \u001b[33mclass\u001b[39m=\u001b[32m\"mt-1 text-sm text-muted-foreground\"\u001b[39m\n        \u001b[36m>\u001b[39m\n          \u001b[0mKelola preferensi tampilan, bahasa, dan notifikasi Anda.\u001b[0m\n        \u001b[36m</p>\u001b[39m\n      \u001b[36m</div>\u001b[39m\n      \u001b[36m<section\u001b[39m\n        \u001b[33mclass\u001b[39m=\u001b[32m\"space-y-3\"\u001b[39m\n      \u001b[36m>\u001b[39m\n        \u001b[36m<div>\u001b[39m\n          \u001b[36m<h2\u001b[39m\n            \u001b[33mclass\u001b[39m=\u001b[32m\"text-sm font-semibold text-foreground\"\u001b[39m\n          \u001b[36m>\u001b[39m\n            \u001b[0mPreferensi Aplikasi\u001b[0m\n          \u001b[36m</h2>\u001b[39m\n        \u001b[36m</div>\u001b[39m\n        \u001b[36m<div\u001b[39m\n          \u001b[33mclass\u001b[39m=\u001b[32m\"grid grid-cols-1 gap-4 md:grid-cols-2 xl:grid-cols-3\"\u001b[39m\n        \u001b[36m>\u001b[39m\n          \u001b[36m<div\u001b[39m\n            \u001b[33mclass\u001b[39m=\u001b[32m\"group/card flex flex-col gap-(--card-spacing) overflow-hidden rounded-lg bg-card py-(--card-spacing) text-sm text-card-foreground shadow-card ring-1 ring-foreground/10 transition-[box-shadow,border-color,transform] duration-200 ease-[var(--transition-easing)] [--card-spacing:--spacing(4)] has-[>img:first-child]:pt-0 data-[size=sm]:[--card-spacing:--spacing(3)] *:[img:first-child]:rounded-t-lg *:[img:last-child]:rounded-b-lg shadow-sm\"\u001b[39m\n            \u001b[33mdata-size\u001b[39m=\u001b[32m\"default\"\u001b[39m\n            \u001b[33mdata-slot\u001b[39m=\u001b[32m\"card\"\u001b[39m\n            \u001b[33mdata-variant\u001b[39m=\u001b[32m\"default\"\u001b[39m\n          \u001b[36m>\u001b[39m\n            \u001b[36m<div\u001b[39m\n              \u001b[33mclass\u001b[39m=\u001b[32m\"group/card-header @container/card-header grid auto-rows-min items-start gap-1 rounded-t-xl px-(--card-spacing) has-data-[slot=card-action]:grid-cols-[1fr_auto] has-data-[slot=card-description]:grid-rows-[auto_auto] [.border-b]:pb-(--card-spacing)\"\u001b[39m\n              \u001b[33mdata-slot\u001b[39m=\u001b[32m\"card-header\"\u001b[39m\n            \u001b[36m>\u001b[39m\n              \u001b[36m<div\u001b[39m\n                \u001b[33mclass\u001b[39m=\u001b[32m\"flex items-center gap-3\"\u001b[39m\n              \u001b[36m>\u001b[39m\n                \u001b[36m<div\u001b[39m\n                  \u001b[33mclass\u001b[39m=\u001b[32m\"flex size-9 items-center justify-center rounded-xl bg-primary/10 text-primary\"\u001b[39m\n                \u001b[36m>\u001b[39m\n                  \u001b[36m<svg\u001b[39m\n                    \u001b[33maria-hidden\u001b[39m=\u001b[32m\"true\"\u001b[39m\n                    \u001b[33mclass\u001b[39m=\u001b[32m\"lucide lucide-palette size-4\"\u001b[39m\n                    \u001b[33mfill\u001b[39m=\u001b[32m\"none\"\u001b[39m\n                    \u001b[33mheight\u001b[39m=\u001b[32m\"24\"\u001b[39m\n                    \u001b[33mstroke\u001b[39m=\u001b[32m\"currentColor\"\u001b[39m\n                    \u001b[33mstroke-linecap\u001b[39m=\u001b[32m\"round\"\u001b[39m\n                    \u001b[33mstroke-linejoin\u001b[39m=\u001b[32m\"round\"\u001b[39m\n                    \u001b[33mstroke-width\u001b[39m=\u001b[32m\"2\"\u001b[39m\n                    \u001b[33mviewBox\u001b[39m=\u001b[32m\"0 0 24 24\"\u001b[39m\n                    \u001b[33mwidth\u001b[39m=\u001b[32m\"24\"\u001b[39m\n                    \u001b[33mxmlns\u001b[39m=\u001b[32m\"http://www.w3.org/2000/svg\"\u001b[39m\n                  \u001b[36m>\u001b[39m\n                    \u001b[36m<path\u001b[39m\n                      \u001b[33md\u001b[39m=\u001b[32m\"M12 22a1 1 0 0 1 0-20 10 9 0 0 1 10 9 5 5 0 0 1-5 5h-2.25a1.75 1.75 0 0 0-1.4 2.8l.3.4a1.75 1.75 0 0 1-1.4 2.8z\"\u001b[39m\n                    \u001b[36m/>\u001b[39m\n                    \u001b[36m<circle\u001b[39m\n                      \u001b[33mcx\u001b[39m=\u001b[32m\"13.5\"\u001b[39m\n                      \u001b[33mcy\u001b[39m=\u001b[32m\"6.5\"\u001b[39m\n                      \u001b[33mfill\u001b[39m=\u001b[32m\"currentColor\"\u001b[39m\n                      \u001b[33mr\u001b[39m=\u001b[32m\".5\"\u001b[39m\n                    \u001b[36m/>\u001b[39m\n                    \u001b[36m<circle\u001b[39m\n                      \u001b[33mcx\u001b[39m=\u001b[32m\"17.5\"\u001b[39m\n                      \u001b[33mcy\u001b[39m=\u001b[32m\"10.5\"\u001b[39m\n                      \u001b[33mfill\u001b[39m=\u001b[32m\"currentColor\"\u001b[39m\n                      \u001b[33mr\u001b[39m=\u001b[32m\".5\"\u001b[39m\n                    \u001b[36m/>\u001b[39m\n                    \u001b[36m<circle\u001b[39m\n                      \u001b[33mcx\u001b[39m=\u001b[32m\"6.5\"\u001b[39m\n                      \u001b[33mcy\u001b[39m=\u001b[32m\"12.5\"\u001b[39m\n                      \u001b[33mfill\u001b[39m=\u001b[32m\"currentColor\"\u001b[39m\n                      \u001b[33mr\u001b[39m=\u001b[32m\".5\"\u001b[39m\n                    \u001b[36m/>\u001b[39m\n                    \u001b[36m<circle\u001b[39m\n                      \u001b[33mcx\u001b[39m=\u001b[32m\"8.5\"\u001b[39m\n                      \u001b[33mcy\u001b[39m=\u001b[32m\"7.5\"\u001b[39m\n                      \u001b[33mfill\u001b[39m=\u001b[32m\"currentColor\"\u001b[39m\n                      \u001b[33mr\u001b[39m=\u001b[32m\".5\"\u001b[39m\n                    \u001b[36m/>\u001b[39m\n                  \u001b[36m</svg>\u001b[39m\n                \u001b[36m</div>\u001b[39m\n                \u001b[36m<div>\u001b[39m\n                  \u001b[36m<div\u001b[39m\n                    \u001b[33mclass\u001b[39m=\u001b[32m\"font-heading font-medium group-data-[size=sm]/card:text-sm text-base\"\u001b[39m\n                    \u001b[33mdata-slot\u001b[39m=\u001b[32m\"card-title\"\u001b[39m\n                  \u001b[36m>\u001b[39m\n                    \u001b[0mTampilan\u001b[0m\n                  \u001b[36m</div>\u001b[39m\n                  \u001b[36m<div\u001b[39m\n                    \u001b[33mclass\u001b[39m=\u001b[32m\"text-muted-foreground text-xs\"\u001b[39m\n                    \u001b[33mdata-slot\u001b[39m=\u001b[32m\"card-description\"\u001b[39m\n                  \u001b[36m>\u001b[39m\n                    \u001b[0mPilih tema untuk antarmuka.\u001b[0m\n                  \u001b[36m</div>\u001b[39m\n                \u001b[36m</div>\u001b[39m\n              \u001b[36m</div>\u001b[39m\n            \u001b[36m</div>\u001b[39m\n            \u001b[36m<div\u001b[39m\n              \u001b[33mclass\u001b[39m=\u001b[32m\"px-(--card-spacing)\"\u001b[39m\n              \u001b[33mdata-slot\u001b[39m=\u001b[32m\"card-content\"\u001b[39m\n            \u001b[36m>\u001b[39m\n              \u001b[36m<div\u001b[39m\n                \u001b[33maria-required\u001b[39m=\u001b[32m\"false\"\u001b[39m\n                \u001b[33mclass\u001b[39m=\u001b[32m\"grid gap-2\"\u001b[39m\n                \u001b[33mdata-slot\u001b[39m=\u001b[32m\"radio-group\"\u001b[39m\n                \u001b[33mdir\u001b[39m=\u001b[32m\"ltr\"\u001b[39m\n                \u001b[33mrole\u001b[39m=\u001b[32m\"radiogroup\"\u001b[39m\n                \u001b[33mstyle\u001b[39m=\u001b[32m\"outline: none;\"\u001b[39m\n                \u001b[33mtabindex\u001b[39m=\u001b[32m\"0\"\u001b[39m\n              \u001b[36m>\u001b[39m\n                \u001b[36m<div\u001b[39m\n                  \u001b[33mclass\u001b[39m=\u001b[32m\"flex items-center justify-between rounded-xl border border-border px-4 py-3\"\u001b[39m\n                \u001b[36m>\u001b[39m\n                  \u001b[36m<div\u001b[39m\n                    \u001b[33mclass\u001b[39m=\u001b[32m\"flex items-center gap-3\"\u001b[39m\n                  \u001b[36m>\u001b[39m\n                    \u001b[36m<svg\u001b[39m\n                      \u001b[33maria-hidden\u001b[39m=\u001b[32m\"true\"\u001b[39m\n                      \u001b[33mclass\u001b[39m=\u001b[32m\"lucide lucide-sun size-4 text-muted-foreground\"\u001b[39m\n                      \u001b[33mfill\u001b[39m=\u001b[32m\"none\"\u001b[39m\n                      \u001b[33mheight\u001b[39m=\u001b[32m\"24\"\u001b[39m\n                      \u001b[33mstroke\u001b[39m=\u001b[32m\"currentColor\"\u001b[39m\n                      \u001b[33mstroke-linecap\u001b[39m=\u001b[32m\"round\"\u001b[39m\n                      \u001b[33mstroke-linejoin\u001b[39m=\u001b[32m\"round\"\u001b[39m\n                      \u001b[33mstroke-width\u001b[39m=\u001b[32m\"2\"\u001b[39m\n                      \u001b[33mviewBox\u001b[39m=\u001b[32m\"0 0 24 24\"\u001b[39m\n                      \u001b[33mwidth\u001b[39m=\u001b[32m\"24\"\u001b[39m\n                      \u001b[33mxmlns\u001b[39m=\u001b[32m\"http://www.w3.org/2000/svg\"\u001b[39m\n             ...\n    at Object.getElementError (D:\\Project 2\\CashFlow\\node_modules\\@testing-library\\dom\\dist\\config.js:37:19)\n    at getElementError (D:\\Project 2\\CashFlow\\node_modules\\@testing-library\\dom\\dist\\query-helpers.js:20:35)\n    at getMultipleElementsFoundError (D:\\Project 2\\CashFlow\\node_modules\\@testing-library\\dom\\dist\\query-helpers.js:23:10)\n    at D:\\Project 2\\CashFlow\\node_modules\\@testing-library\\dom\\dist\\query-helpers.js:55:13\n    at D:\\Project 2\\CashFlow\\node_modules\\@testing-library\\dom\\dist\\query-helpers.js:95:19\n    at D:/Project 2/CashFlow/apps/frontend/src/stores/language.store.test.ts:177:28\n    at file:///D:/Project%202/CashFlow/node_modules/@vitest/runner/dist/chunk-artifact.js:1903:20"],"meta":{},"tags":[]},{"ancestorTitles":["LanguageProvider reconciliation"],"fullName":"LanguageProvider reconciliation keeps the persisted language when settings are unavailable","status":"passed","title":"keeps the persisted language when settings are unavailable","duration":3.549199999999928,"failureMessages":[],"meta":{},"tags":[]}],"startTime":1787315234362,"endTime":1787315234831.5493,"status":"failed","message":"","name":"D:/Project 2/CashFlow/apps/frontend/src/stores/language.store.test.ts"}]}