{"numFailedTestSuites":0,"numFailedTests":0,"numPassedTestSuites":20,"numPassedTests":130,"numPendingTestSuites":0,"numPendingTests":0,"numRuntimeErrorTestSuites":0,"numTodoTests":0,"numTotalTestSuites":20,"numTotalTests":130,"openHandles":[],"snapshot":{"added":0,"didUpdate":false,"failure":false,"filesAdded":0,"filesRemoved":0,"filesRemovedList":[],"filesUnmatched":0,"filesUpdated":0,"matched":0,"total":0,"unchecked":0,"uncheckedKeysByFile":[],"unmatched":0,"updated":0},"startTime":1786614427194,"success":true,"testResults":[{"assertionResults":[{"ancestorTitles":["AuditLogsController (security)"],"duration":198,"failing":false,"failureDetails":[],"failureMessages":[],"fullName":"AuditLogsController (security) myList: passes authenticated userId and strips attacker-supplied userId from filter","invocations":1,"location":null,"numPassingAsserts":4,"retryReasons":[],"startAt":1786614428754,"status":"passed","title":"myList: passes authenticated userId and strips attacker-supplied userId from filter"},{"ancestorTitles":["AuditLogsController (security)"],"duration":10,"failing":false,"failureDetails":[],"failureMessages":[],"fullName":"AuditLogsController (security) myList: identity comes from AuthUser context, not arbitrary request data","invocations":1,"location":null,"numPassingAsserts":1,"retryReasons":[],"startAt":1786614428953,"status":"passed","title":"myList: identity comes from AuthUser context, not arbitrary request data"},{"ancestorTitles":["AuditLogsController (security)"],"duration":9,"failing":false,"failureDetails":[],"failureMessages":[],"fullName":"AuditLogsController (security) myFindOne: passes authenticated userId and ignores attacker-supplied userId","invocations":1,"location":null,"numPassingAsserts":3,"retryReasons":[],"startAt":1786614428963,"status":"passed","title":"myFindOne: passes authenticated userId and ignores attacker-supplied userId"},{"ancestorTitles":["AuditLogsController (security)"],"duration":8,"failing":false,"failureDetails":[],"failureMessages":[],"fullName":"AuditLogsController (security) myFindOne: identity comes from AuthUser context, not arbitrary request data","invocations":1,"location":null,"numPassingAsserts":1,"retryReasons":[],"startAt":1786614428972,"status":"passed","title":"myFindOne: identity comes from AuthUser context, not arbitrary request data"},{"ancestorTitles":["AuditLogsController (security)"],"duration":15,"failing":false,"failureDetails":[],"failureMessages":[],"fullName":"AuditLogsController (security) list: blocks non-SUPER_ADMIN roles","invocations":1,"location":null,"numPassingAsserts":1,"retryReasons":[],"startAt":1786614428980,"status":"passed","title":"list: blocks non-SUPER_ADMIN roles"},{"ancestorTitles":["AuditLogsController (security)"],"duration":9,"failing":false,"failureDetails":[],"failureMessages":[],"fullName":"AuditLogsController (security) list: allows SUPER_ADMIN and forwards filter including userId","invocations":1,"location":null,"numPassingAsserts":3,"retryReasons":[],"startAt":1786614428995,"status":"passed","title":"list: allows SUPER_ADMIN and forwards filter including userId"},{"ancestorTitles":["AuditLogsController (security)"],"duration":8,"failing":false,"failureDetails":[],"failureMessages":[],"fullName":"AuditLogsController (security) findOne: blocks non-SUPER_ADMIN roles","invocations":1,"location":null,"numPassingAsserts":1,"retryReasons":[],"startAt":1786614429005,"status":"passed","title":"findOne: blocks non-SUPER_ADMIN roles"},{"ancestorTitles":["AuditLogsController (security)"],"duration":8,"failing":false,"failureDetails":[],"failureMessages":[],"fullName":"AuditLogsController (security) findOne: allows SUPER_ADMIN to read any audit log by id","invocations":1,"location":null,"numPassingAsserts":1,"retryReasons":[],"startAt":1786614429013,"status":"passed","title":"findOne: allows SUPER_ADMIN to read any audit log by id"},{"ancestorTitles":["AuditLogsController (security)"],"duration":10,"failing":false,"failureDetails":[],"failureMessages":[],"fullName":"AuditLogsController (security) list: rejects a malformed (non-UUID) userId with 400, no service call","invocations":1,"location":null,"numPassingAsserts":1,"retryReasons":[],"startAt":1786614429021,"status":"passed","title":"list: rejects a malformed (non-UUID) userId with 400, no service call"},{"ancestorTitles":["AuditLogsController (security)"],"duration":9,"failing":false,"failureDetails":[],"failureMessages":[],"fullName":"AuditLogsController (security) list: returns safely when userId does not exist (valid UUID, empty result)","invocations":1,"location":null,"numPassingAsserts":4,"retryReasons":[],"startAt":1786614429031,"status":"passed","title":"list: returns safely when userId does not exist (valid UUID, empty result)"},{"ancestorTitles":["AuditLogsController (security)"],"duration":3,"failing":false,"failureDetails":[],"failureMessages":[],"fullName":"AuditLogsController (security) admin list is marked @Audit AUDIT_VIEW and never targets the admin own sub","invocations":1,"location":null,"numPassingAsserts":4,"retryReasons":[],"startAt":1786614429040,"status":"passed","title":"admin list is marked @Audit AUDIT_VIEW and never targets the admin own sub"},{"ancestorTitles":["AuditLogsController (security)"],"duration":2,"failing":false,"failureDetails":[],"failureMessages":[],"fullName":"AuditLogsController (security) admin findOne is marked @Audit AUDIT_VIEW","invocations":1,"location":null,"numPassingAsserts":3,"retryReasons":[],"startAt":1786614429044,"status":"passed","title":"admin findOne is marked @Audit AUDIT_VIEW"},{"ancestorTitles":["AuditLogsController (security)"],"duration":3,"failing":false,"failureDetails":[],"failureMessages":[],"fullName":"AuditLogsController (security) /me endpoints are NOT marked @Audit AUDIT_VIEW","invocations":1,"location":null,"numPassingAsserts":2,"retryReasons":[],"startAt":1786614429046,"status":"passed","title":"/me endpoints are NOT marked @Audit AUDIT_VIEW"},{"ancestorTitles":["AuditLogsController (security)"],"duration":4,"failing":false,"failureDetails":[],"failureMessages":[],"fullName":"AuditLogsController (security) admin routes are guarded by AdminAuditRateLimitGuard alongside auth guards","invocations":1,"location":null,"numPassingAsserts":6,"retryReasons":[],"startAt":1786614429049,"status":"passed","title":"admin routes are guarded by AdminAuditRateLimitGuard alongside auth guards"},{"ancestorTitles":["AuditLogsController (security)"],"duration":2,"failing":false,"failureDetails":[],"failureMessages":[],"fullName":"AuditLogsController (security) /me route guards remain JwtAuthGuard only","invocations":1,"location":null,"numPassingAsserts":2,"retryReasons":[],"startAt":1786614429053,"status":"passed","title":"/me route guards remain JwtAuthGuard only"}],"endTime":1786614429057,"message":"","name":"D:\\Project 2\\CashFlow\\apps\\backend\\src\\modules\\audit-logs\\controllers\\audit-logs.controller.spec.ts","startTime":1786614427516,"status":"passed","summary":""},{"assertionResults":[{"ancestorTitles":["AuthController"],"duration":57,"failing":false,"failureDetails":[],"failureMessages":[],"fullName":"AuthController register delegates to UsersService and returns safe response","invocations":1,"location":null,"numPassingAsserts":4,"retryReasons":[],"startAt":1786614429658,"status":"passed","title":"register delegates to UsersService and returns safe response"},{"ancestorTitles":["AuthController"],"duration":7,"failing":false,"failureDetails":[],"failureMessages":[],"fullName":"AuthController me returns current user when found","invocations":1,"location":null,"numPassingAsserts":4,"retryReasons":[],"startAt":1786614429716,"status":"passed","title":"me returns current user when found"},{"ancestorTitles":["AuthController"],"duration":3,"failing":false,"failureDetails":[],"failureMessages":[],"fullName":"AuthController me throws unauthorized when user not found","invocations":1,"location":null,"numPassingAsserts":1,"retryReasons":[],"startAt":1786614429723,"status":"passed","title":"me throws unauthorized when user not found"},{"ancestorTitles":["AuthController"],"duration":18,"failing":false,"failureDetails":[],"failureMessages":[],"fullName":"AuthController me: passes authenticated userId from JWT","invocations":1,"location":null,"numPassingAsserts":2,"retryReasons":[],"startAt":1786614429726,"status":"passed","title":"me: passes authenticated userId from JWT"},{"ancestorTitles":["AuthController"],"duration":15,"failing":false,"failureDetails":[],"failureMessages":[],"fullName":"AuthController me: attacker query userId cannot override authenticated identity","invocations":1,"location":null,"numPassingAsserts":1,"retryReasons":[],"startAt":1786614429745,"status":"passed","title":"me: attacker query userId cannot override authenticated identity"},{"ancestorTitles":["AuthController"],"duration":15,"failing":false,"failureDetails":[],"failureMessages":[],"fullName":"AuthController me: preserves response shape","invocations":1,"location":null,"numPassingAsserts":4,"retryReasons":[],"startAt":1786614429761,"status":"passed","title":"me: preserves response shape"},{"ancestorTitles":["AuthController"],"duration":13,"failing":false,"failureDetails":[],"failureMessages":[],"fullName":"AuthController logout: passes authenticated userId and sessionId to service","invocations":1,"location":null,"numPassingAsserts":3,"retryReasons":[],"startAt":1786614429777,"status":"passed","title":"logout: passes authenticated userId and sessionId to service"},{"ancestorTitles":["AuthController"],"duration":31,"failing":false,"failureDetails":[],"failureMessages":[],"fullName":"AuthController logout: attacker body cannot override authenticated identity","invocations":1,"location":null,"numPassingAsserts":3,"retryReasons":[],"startAt":1786614429790,"status":"passed","title":"logout: attacker body cannot override authenticated identity"}],"endTime":1786614429822,"message":"","name":"D:\\Project 2\\CashFlow\\apps\\backend\\src\\modules\\auth\\auth.controller.spec.ts","startTime":1786614429065,"status":"passed","summary":""},{"assertionResults":[{"ancestorTitles":["TransactionsController (security)"],"duration":116,"failing":false,"failureDetails":[],"failureMessages":[],"fullName":"TransactionsController (security) create: passes authenticated userId to service and ignores client-supplied userId/user_id","invocations":1,"location":null,"numPassingAsserts":2,"retryReasons":[],"startAt":1786614430627,"status":"passed","title":"create: passes authenticated userId to service and ignores client-supplied userId/user_id"},{"ancestorTitles":["TransactionsController (security)"],"duration":17,"failing":false,"failureDetails":[],"failureMessages":[],"fullName":"TransactionsController (security) create: propagates request trace metadata from headers","invocations":1,"location":null,"numPassingAsserts":2,"retryReasons":[],"startAt":1786614430743,"status":"passed","title":"create: propagates request trace metadata from headers"},{"ancestorTitles":["TransactionsController (security)"],"duration":14,"failing":false,"failureDetails":[],"failureMessages":[],"fullName":"TransactionsController (security) update: passes authenticated userId to service and ignores client-supplied userId","invocations":1,"location":null,"numPassingAsserts":2,"retryReasons":[],"startAt":1786614430760,"status":"passed","title":"update: passes authenticated userId to service and ignores client-supplied userId"},{"ancestorTitles":["TransactionsController (security)"],"duration":12,"failing":false,"failureDetails":[],"failureMessages":[],"fullName":"TransactionsController (security) getById: passes authenticated userId to service","invocations":1,"location":null,"numPassingAsserts":2,"retryReasons":[],"startAt":1786614430774,"status":"passed","title":"getById: passes authenticated userId to service"},{"ancestorTitles":["TransactionsController (security)"],"duration":12,"failing":false,"failureDetails":[],"failureMessages":[],"fullName":"TransactionsController (security) delete: passes authenticated userId to service","invocations":1,"location":null,"numPassingAsserts":2,"retryReasons":[],"startAt":1786614430786,"status":"passed","title":"delete: passes authenticated userId to service"},{"ancestorTitles":["TransactionsController (security)"],"duration":12,"failing":false,"failureDetails":[],"failureMessages":[],"fullName":"TransactionsController (security) list: passes authenticated userId to service","invocations":1,"location":null,"numPassingAsserts":2,"retryReasons":[],"startAt":1786614430798,"status":"passed","title":"list: passes authenticated userId to service"},{"ancestorTitles":["TransactionsController (security)"],"duration":10,"failing":false,"failureDetails":[],"failureMessages":[],"fullName":"TransactionsController (security) search: passes authenticated userId to service","invocations":1,"location":null,"numPassingAsserts":2,"retryReasons":[],"startAt":1786614430810,"status":"passed","title":"search: passes authenticated userId to service"}],"endTime":1786614430821,"message":"","name":"D:\\Project 2\\CashFlow\\apps\\backend\\src\\modules\\transactions\\controllers\\transactions.controller.spec.ts","startTime":1786614429834,"status":"passed","summary":""},{"assertionResults":[{"ancestorTitles":["SessionsController (security)"],"duration":111,"failing":false,"failureDetails":[],"failureMessages":[],"fullName":"SessionsController (security) list: passes authenticated userId to service","invocations":1,"location":null,"numPassingAsserts":2,"retryReasons":[],"startAt":1786614431353,"status":"passed","title":"list: passes authenticated userId to service"},{"ancestorTitles":["SessionsController (security)"],"duration":13,"failing":false,"failureDetails":[],"failureMessages":[],"fullName":"SessionsController (security) revoke: passes authenticated userId and route session id to service","invocations":1,"location":null,"numPassingAsserts":3,"retryReasons":[],"startAt":1786614431464,"status":"passed","title":"revoke: passes authenticated userId and route session id to service"},{"ancestorTitles":["SessionsController (security)"],"duration":10,"failing":false,"failureDetails":[],"failureMessages":[],"fullName":"SessionsController (security) revoke: client-supplied userId cannot override authenticated identity","invocations":1,"location":null,"numPassingAsserts":2,"retryReasons":[],"startAt":1786614431477,"status":"passed","title":"revoke: client-supplied userId cannot override authenticated identity"},{"ancestorTitles":["SessionsController (security)"],"duration":10,"failing":false,"failureDetails":[],"failureMessages":[],"fullName":"SessionsController (security) revoke-all: passes authenticated userId to service","invocations":1,"location":null,"numPassingAsserts":2,"retryReasons":[],"startAt":1786614431488,"status":"passed","title":"revoke-all: passes authenticated userId to service"},{"ancestorTitles":["SessionsController (security)"],"duration":17,"failing":false,"failureDetails":[],"failureMessages":[],"fullName":"SessionsController (security) revoke-all: client-supplied userId cannot override authenticated identity","invocations":1,"location":null,"numPassingAsserts":2,"retryReasons":[],"startAt":1786614431498,"status":"passed","title":"revoke-all: client-supplied userId cannot override authenticated identity"},{"ancestorTitles":["SessionsController (security)"],"duration":11,"failing":false,"failureDetails":[],"failureMessages":[],"fullName":"SessionsController (security) revoke-all: passes trusted sessionId claim to keep current session alive","invocations":1,"location":null,"numPassingAsserts":2,"retryReasons":[],"startAt":1786614431515,"status":"passed","title":"revoke-all: passes trusted sessionId claim to keep current session alive"},{"ancestorTitles":["SessionsController (security)"],"duration":11,"failing":false,"failureDetails":[],"failureMessages":[],"fullName":"SessionsController (security) revoke-all: ignores client-supplied sessionId","invocations":1,"location":null,"numPassingAsserts":2,"retryReasons":[],"startAt":1786614431526,"status":"passed","title":"revoke-all: ignores client-supplied sessionId"}],"endTime":1786614431538,"message":"","name":"D:\\Project 2\\CashFlow\\apps\\backend\\src\\modules\\auth\\controllers\\sessions.controller.spec.ts","startTime":1786614430828,"status":"passed","summary":""},{"assertionResults":[{"ancestorTitles":["AuthService (rate-limit failures)"],"duration":3,"failing":false,"failureDetails":[],"failureMessages":[],"fullName":"AuthService (rate-limit failures) successful login clears failure counter and returns tokens","invocations":1,"location":null,"numPassingAsserts":2,"retryReasons":[],"startAt":1786614431958,"status":"passed","title":"successful login clears failure counter and returns tokens"},{"ancestorTitles":["AuthService (rate-limit failures)"],"duration":2,"failing":false,"failureDetails":[],"failureMessages":[],"fullName":"AuthService (rate-limit failures) non-existing user increments failure and may hit rate limit","invocations":1,"location":null,"numPassingAsserts":1,"retryReasons":[],"startAt":1786614431961,"status":"passed","title":"non-existing user increments failure and may hit rate limit"}],"endTime":1786614431964,"message":"","name":"D:\\Project 2\\CashFlow\\apps\\backend\\src\\modules\\auth\\services\\auth.service.spec.ts","startTime":1786614431548,"status":"passed","summary":""},{"assertionResults":[{"ancestorTitles":["TransactionsService (filter & pagination & search)"],"duration":9,"failing":false,"failureDetails":[],"failureMessages":[],"fullName":"TransactionsService (filter & pagination & search) computes pagination correctly","invocations":1,"location":null,"numPassingAsserts":5,"retryReasons":[],"startAt":1786614432354,"status":"passed","title":"computes pagination correctly"},{"ancestorTitles":["TransactionsService (filter & pagination & search)"],"duration":4,"failing":false,"failureDetails":[],"failureMessages":[],"fullName":"TransactionsService (filter & pagination & search) handles empty results","invocations":1,"location":null,"numPassingAsserts":3,"retryReasons":[],"startAt":1786614432363,"status":"passed","title":"handles empty results"},{"ancestorTitles":["TransactionsService (filter & pagination & search)"],"duration":3,"failing":false,"failureDetails":[],"failureMessages":[],"fullName":"TransactionsService (filter & pagination & search) searches by keyword","invocations":1,"location":null,"numPassingAsserts":3,"retryReasons":[],"startAt":1786614432367,"status":"passed","title":"searches by keyword"},{"ancestorTitles":["TransactionsService (filter & pagination & search)"],"duration":7,"failing":false,"failureDetails":[],"failureMessages":[],"fullName":"TransactionsService (filter & pagination & search) creates a transaction and invokes Finance Bot evaluation without blocking","invocations":1,"location":null,"numPassingAsserts":2,"retryReasons":[],"startAt":1786614432370,"status":"passed","title":"creates a transaction and invokes Finance Bot evaluation without blocking"},{"ancestorTitles":["TransactionsService (filter & pagination & search)"],"duration":19,"failing":false,"failureDetails":[],"failureMessages":[],"fullName":"TransactionsService (filter & pagination & search) rejects decimal amount representations before persistence","invocations":1,"location":null,"numPassingAsserts":1,"retryReasons":[],"startAt":1786614432377,"status":"passed","title":"rejects decimal amount representations before persistence"},{"ancestorTitles":["TransactionsService (filter & pagination & search)"],"duration":4,"failing":false,"failureDetails":[],"failureMessages":[],"fullName":"TransactionsService (filter & pagination & search) records request correlation ids and anomaly metadata for suspicious scale patterns","invocations":1,"location":null,"numPassingAsserts":1,"retryReasons":[],"startAt":1786614432397,"status":"passed","title":"records request correlation ids and anomaly metadata for suspicious scale patterns"}],"endTime":1786614432402,"message":"","name":"D:\\Project 2\\CashFlow\\apps\\backend\\src\\modules\\transactions\\services\\transactions.service.spec.ts","startTime":1786614431990,"status":"passed","summary":""},{"assertionResults":[{"ancestorTitles":["RefreshTokensService.rotate"],"duration":7,"failing":false,"failureDetails":[],"failureMessages":[],"fullName":"RefreshTokensService.rotate valid refresh token rotates successfully","invocations":1,"location":null,"numPassingAsserts":3,"retryReasons":[],"startAt":1786614432758,"status":"passed","title":"valid refresh token rotates successfully"},{"ancestorTitles":["RefreshTokensService.rotate"],"duration":1,"failing":false,"failureDetails":[],"failureMessages":[],"fullName":"RefreshTokensService.rotate revoked token triggers revokeAllForUser and unauthorized","invocations":1,"location":null,"numPassingAsserts":2,"retryReasons":[],"startAt":1786614432766,"status":"passed","title":"revoked token triggers revokeAllForUser and unauthorized"},{"ancestorTitles":["RefreshTokensService.rotate"],"duration":1,"failing":false,"failureDetails":[],"failureMessages":[],"fullName":"RefreshTokensService.rotate expired token returns TOKEN_EXPIRED","invocations":1,"location":null,"numPassingAsserts":1,"retryReasons":[],"startAt":1786614432768,"status":"passed","title":"expired token returns TOKEN_EXPIRED"},{"ancestorTitles":["RefreshTokensService.rotate"],"duration":0,"failing":false,"failureDetails":[],"failureMessages":[],"fullName":"RefreshTokensService.rotate hash mismatch returns UNAUTHORIZED","invocations":1,"location":null,"numPassingAsserts":1,"retryReasons":[],"startAt":1786614432769,"status":"passed","title":"hash mismatch returns UNAUTHORIZED"},{"ancestorTitles":["RefreshTokensService.rotate"],"duration":2,"failing":false,"failureDetails":[],"failureMessages":[],"fullName":"RefreshTokensService.rotate session update failure is logged but does not expose internal error","invocations":1,"location":null,"numPassingAsserts":2,"retryReasons":[],"startAt":1786614432770,"status":"passed","title":"session update failure is logged but does not expose internal error"},{"ancestorTitles":["RefreshTokensService.rotate"],"duration":1,"failing":false,"failureDetails":[],"failureMessages":[],"fullName":"RefreshTokensService.rotate invalid signature returns UNAUTHORIZED","invocations":1,"location":null,"numPassingAsserts":1,"retryReasons":[],"startAt":1786614432772,"status":"passed","title":"invalid signature returns UNAUTHORIZED"}],"endTime":1786614432774,"message":"","name":"D:\\Project 2\\CashFlow\\apps\\backend\\src\\modules\\auth\\services\\refresh-tokens.service.spec.ts","startTime":1786614432409,"status":"passed","summary":""},{"assertionResults":[{"ancestorTitles":["RefreshTokensService (unit)"],"duration":3,"failing":false,"failureDetails":[],"failureMessages":[],"fullName":"RefreshTokensService (unit) rotates a valid refresh token successfully","invocations":1,"location":null,"numPassingAsserts":8,"retryReasons":[],"startAt":1786614433161,"status":"passed","title":"rotates a valid refresh token successfully"},{"ancestorTitles":["RefreshTokensService (unit)"],"duration":1,"failing":false,"failureDetails":[],"failureMessages":[],"fullName":"RefreshTokensService (unit) detects revoked token reuse and revokes all tokens","invocations":1,"location":null,"numPassingAsserts":2,"retryReasons":[],"startAt":1786614433164,"status":"passed","title":"detects revoked token reuse and revokes all tokens"},{"ancestorTitles":["RefreshTokensService (unit)"],"duration":1,"failing":false,"failureDetails":[],"failureMessages":[],"fullName":"RefreshTokensService (unit) rejects expired refresh token","invocations":1,"location":null,"numPassingAsserts":1,"retryReasons":[],"startAt":1786614433165,"status":"passed","title":"rejects expired refresh token"},{"ancestorTitles":["RefreshTokensService (unit)"],"duration":0,"failing":false,"failureDetails":[],"failureMessages":[],"fullName":"RefreshTokensService (unit) rejects invalid signature","invocations":1,"location":null,"numPassingAsserts":1,"retryReasons":[],"startAt":1786614433166,"status":"passed","title":"rejects invalid signature"},{"ancestorTitles":["RefreshTokensService (unit)"],"duration":1,"failing":false,"failureDetails":[],"failureMessages":[],"fullName":"RefreshTokensService (unit) rejects on hash mismatch","invocations":1,"location":null,"numPassingAsserts":1,"retryReasons":[],"startAt":1786614433166,"status":"passed","title":"rejects on hash mismatch"}],"endTime":1786614433167,"message":"","name":"D:\\Project 2\\CashFlow\\apps\\backend\\src\\modules\\auth\\refresh-tokens.service.spec.ts","startTime":1786614432799,"status":"passed","summary":""},{"assertionResults":[{"ancestorTitles":["JwtStrategy.validate"],"duration":10,"failing":false,"failureDetails":[],"failureMessages":[],"fullName":"JwtStrategy.validate throws on missing sub","invocations":1,"location":null,"numPassingAsserts":1,"retryReasons":[],"startAt":1786614433520,"status":"passed","title":"throws on missing sub"},{"ancestorTitles":["JwtStrategy.validate"],"duration":1,"failing":false,"failureDetails":[],"failureMessages":[],"fullName":"JwtStrategy.validate returns sanitized AuthUser and excludes unexpected claims","invocations":1,"location":null,"numPassingAsserts":2,"retryReasons":[],"startAt":1786614433531,"status":"passed","title":"returns sanitized AuthUser and excludes unexpected claims"},{"ancestorTitles":["JwtStrategy.validate"],"duration":1,"failing":false,"failureDetails":[],"failureMessages":[],"fullName":"JwtStrategy.validate allows optional claims to be undefined","invocations":1,"location":null,"numPassingAsserts":5,"retryReasons":[],"startAt":1786614433532,"status":"passed","title":"allows optional claims to be undefined"}],"endTime":1786614433534,"message":"","name":"D:\\Project 2\\CashFlow\\apps\\backend\\src\\modules\\auth\\jwt.strategy.spec.ts","startTime":1786614433176,"status":"passed","summary":""},{"assertionResults":[{"ancestorTitles":["AuthRateLimitGuard"],"duration":3,"failing":false,"failureDetails":[],"failureMessages":[],"fullName":"AuthRateLimitGuard allows requests below limit (login)","invocations":1,"location":null,"numPassingAsserts":2,"retryReasons":[],"startAt":1786614433904,"status":"passed","title":"allows requests below limit (login)"},{"ancestorTitles":["AuthRateLimitGuard"],"duration":0,"failing":false,"failureDetails":[],"failureMessages":[],"fullName":"AuthRateLimitGuard rejects when at/above limit (login)","invocations":1,"location":null,"numPassingAsserts":1,"retryReasons":[],"startAt":1786614433908,"status":"passed","title":"rejects when at/above limit (login)"},{"ancestorTitles":["AuthRateLimitGuard"],"duration":2,"failing":false,"failureDetails":[],"failureMessages":[],"fullName":"AuthRateLimitGuard register below and above limit","invocations":1,"location":null,"numPassingAsserts":2,"retryReasons":[],"startAt":1786614433908,"status":"passed","title":"register below and above limit"},{"ancestorTitles":["AuthRateLimitGuard"],"duration":1,"failing":false,"failureDetails":[],"failureMessages":[],"fullName":"AuthRateLimitGuard refresh below and above limit","invocations":1,"location":null,"numPassingAsserts":2,"retryReasons":[],"startAt":1786614433910,"status":"passed","title":"refresh below and above limit"},{"ancestorTitles":["AuthRateLimitGuard"],"duration":1,"failing":false,"failureDetails":[],"failureMessages":[],"fullName":"AuthRateLimitGuard fails open if redis returns null","invocations":1,"location":null,"numPassingAsserts":1,"retryReasons":[],"startAt":1786614433911,"status":"passed","title":"fails open if redis returns null"},{"ancestorTitles":["AuthRateLimitGuard"],"duration":0,"failing":false,"failureDetails":[],"failureMessages":[],"fullName":"AuthRateLimitGuard ip extraction prefers x-forwarded-for, then req.ip, then socket.remoteAddress","invocations":1,"location":null,"numPassingAsserts":3,"retryReasons":[],"startAt":1786614433912,"status":"passed","title":"ip extraction prefers x-forwarded-for, then req.ip, then socket.remoteAddress"}],"endTime":1786614433913,"message":"","name":"D:\\Project 2\\CashFlow\\apps\\backend\\src\\modules\\auth\\auth-rate-limit.guard.spec.ts","startTime":1786614433543,"status":"passed","summary":""},{"assertionResults":[{"ancestorTitles":["EmailVerificationService"],"duration":5,"failing":false,"failureDetails":[],"failureMessages":[],"fullName":"EmailVerificationService generates and stores token hash on send","invocations":1,"location":null,"numPassingAsserts":2,"retryReasons":[],"startAt":1786614434272,"status":"passed","title":"generates and stores token hash on send"}],"endTime":1786614434278,"message":"","name":"D:\\Project 2\\CashFlow\\apps\\backend\\src\\modules\\auth\\services\\email-verification.service.spec.ts","startTime":1786614433921,"status":"passed","summary":""},{"assertionResults":[{"ancestorTitles":["AdminAuditRateLimitGuard"],"duration":2,"failing":false,"failureDetails":[],"failureMessages":[],"fullName":"AdminAuditRateLimitGuard allows requests below the limit","invocations":1,"location":null,"numPassingAsserts":1,"retryReasons":[],"startAt":1786614434604,"status":"passed","title":"allows requests below the limit"},{"ancestorTitles":["AdminAuditRateLimitGuard"],"duration":1,"failing":false,"failureDetails":[],"failureMessages":[],"fullName":"AdminAuditRateLimitGuard rejects requests beyond the limit with the standard RATE_LIMIT error","invocations":1,"location":null,"numPassingAsserts":2,"retryReasons":[],"startAt":1786614434607,"status":"passed","title":"rejects requests beyond the limit with the standard RATE_LIMIT error"},{"ancestorTitles":["AdminAuditRateLimitGuard"],"duration":1,"failing":false,"failureDetails":[],"failureMessages":[],"fullName":"AdminAuditRateLimitGuard rejects exactly at limit (count > limit)","invocations":1,"location":null,"numPassingAsserts":2,"retryReasons":[],"startAt":1786614434608,"status":"passed","title":"rejects exactly at limit (count > limit)"},{"ancestorTitles":["AdminAuditRateLimitGuard"],"duration":1,"failing":false,"failureDetails":[],"failureMessages":[],"fullName":"AdminAuditRateLimitGuard keys by authenticated admin identity and path, avoiding ?userId bypass","invocations":1,"location":null,"numPassingAsserts":3,"retryReasons":[],"startAt":1786614434609,"status":"passed","title":"keys by authenticated admin identity and path, avoiding ?userId bypass"},{"ancestorTitles":["AdminAuditRateLimitGuard"],"duration":0,"failing":false,"failureDetails":[],"failureMessages":[],"fullName":"AdminAuditRateLimitGuard uses distinct keys per admin identity","invocations":1,"location":null,"numPassingAsserts":3,"retryReasons":[],"startAt":1786614434610,"status":"passed","title":"uses distinct keys per admin identity"},{"ancestorTitles":["AdminAuditRateLimitGuard"],"duration":1,"failing":false,"failureDetails":[],"failureMessages":[],"fullName":"AdminAuditRateLimitGuard passes the configured TTL to Redis","invocations":1,"location":null,"numPassingAsserts":1,"retryReasons":[],"startAt":1786614434610,"status":"passed","title":"passes the configured TTL to Redis"},{"ancestorTitles":["AdminAuditRateLimitGuard"],"duration":0,"failing":false,"failureDetails":[],"failureMessages":[],"fullName":"AdminAuditRateLimitGuard fails open when Redis is unavailable","invocations":1,"location":null,"numPassingAsserts":1,"retryReasons":[],"startAt":1786614434611,"status":"passed","title":"fails open when Redis is unavailable"},{"ancestorTitles":["AdminAuditRateLimitGuard"],"duration":1,"failing":false,"failureDetails":[],"failureMessages":[],"fullName":"AdminAuditRateLimitGuard fails open when Redis throws and never leaks internals","invocations":1,"location":null,"numPassingAsserts":2,"retryReasons":[],"startAt":1786614434611,"status":"passed","title":"fails open when Redis throws and never leaks internals"},{"ancestorTitles":["AdminAuditRateLimitGuard"],"duration":1,"failing":false,"failureDetails":[],"failureMessages":[],"fullName":"AdminAuditRateLimitGuard does not key or limit anonymous requests","invocations":1,"location":null,"numPassingAsserts":2,"retryReasons":[],"startAt":1786614434612,"status":"passed","title":"does not key or limit anonymous requests"}],"endTime":1786614434614,"message":"","name":"D:\\Project 2\\CashFlow\\apps\\backend\\src\\modules\\audit-logs\\guards\\admin-audit-rate-limit.guard.spec.ts","startTime":1786614434286,"status":"passed","summary":""},{"assertionResults":[{"ancestorTitles":["TransactionsService invariants (integration-like using in-memory prisma mock)"],"duration":15,"failing":false,"failureDetails":[],"failureMessages":[],"fullName":"TransactionsService invariants (integration-like using in-memory prisma mock) TEST 1 - INCOME increases account balance","invocations":1,"location":null,"numPassingAsserts":2,"retryReasons":[],"startAt":1786614434917,"status":"passed","title":"TEST 1 - INCOME increases account balance"},{"ancestorTitles":["TransactionsService invariants (integration-like using in-memory prisma mock)"],"duration":2,"failing":false,"failureDetails":[],"failureMessages":[],"fullName":"TransactionsService invariants (integration-like using in-memory prisma mock) TEST 2 - EXPENSE decreases account balance","invocations":1,"location":null,"numPassingAsserts":1,"retryReasons":[],"startAt":1786614434932,"status":"passed","title":"TEST 2 - EXPENSE decreases account balance"},{"ancestorTitles":["TransactionsService invariants (integration-like using in-memory prisma mock)"],"duration":4,"failing":false,"failureDetails":[],"failureMessages":[],"fullName":"TransactionsService invariants (integration-like using in-memory prisma mock) TEST 3 - MULTIPLE TRANSACTIONS aggregated correctly","invocations":1,"location":null,"numPassingAsserts":1,"retryReasons":[],"startAt":1786614434934,"status":"passed","title":"TEST 3 - MULTIPLE TRANSACTIONS aggregated correctly"},{"ancestorTitles":["TransactionsService invariants (integration-like using in-memory prisma mock)"],"duration":2,"failing":false,"failureDetails":[],"failureMessages":[],"fullName":"TransactionsService invariants (integration-like using in-memory prisma mock) TEST 4 - DELETED TRANSACTION does not affect balance","invocations":1,"location":null,"numPassingAsserts":2,"retryReasons":[],"startAt":1786614434938,"status":"passed","title":"TEST 4 - DELETED TRANSACTION does not affect balance"},{"ancestorTitles":["TransactionsService invariants (integration-like using in-memory prisma mock)"],"duration":3,"failing":false,"failureDetails":[],"failureMessages":[],"fullName":"TransactionsService invariants (integration-like using in-memory prisma mock) TEST 5 - UPDATE transaction amount recalculates correctly","invocations":1,"location":null,"numPassingAsserts":2,"retryReasons":[],"startAt":1786614434940,"status":"passed","title":"TEST 5 - UPDATE transaction amount recalculates correctly"},{"ancestorTitles":["TransactionsService invariants (integration-like using in-memory prisma mock)"],"duration":1,"failing":false,"failureDetails":[],"failureMessages":[],"fullName":"TransactionsService invariants (integration-like using in-memory prisma mock) TEST 6 - NO TRANSACTION returns opening","invocations":1,"location":null,"numPassingAsserts":2,"retryReasons":[],"startAt":1786614434943,"status":"passed","title":"TEST 6 - NO TRANSACTION returns opening"}],"endTime":1786614434945,"message":"","name":"D:\\Project 2\\CashFlow\\apps\\backend\\src\\modules\\transactions\\services\\transactions.invariant.spec.ts","startTime":1786614434641,"status":"passed","summary":""},{"assertionResults":[{"ancestorTitles":["SessionService"],"duration":4,"failing":false,"failureDetails":[],"failureMessages":[],"fullName":"SessionService creates a session","invocations":1,"location":null,"numPassingAsserts":2,"retryReasons":[],"startAt":1786614435224,"status":"passed","title":"creates a session"},{"ancestorTitles":["SessionService"],"duration":1,"failing":false,"failureDetails":[],"failureMessages":[],"fullName":"SessionService lists sessions for user","invocations":1,"location":null,"numPassingAsserts":2,"retryReasons":[],"startAt":1786614435228,"status":"passed","title":"lists sessions for user"},{"ancestorTitles":["SessionService"],"duration":1,"failing":false,"failureDetails":[],"failureMessages":[],"fullName":"SessionService revokes session only if owned","invocations":1,"location":null,"numPassingAsserts":2,"retryReasons":[],"startAt":1786614435230,"status":"passed","title":"revokes session only if owned"},{"ancestorTitles":["SessionService"],"duration":1,"failing":false,"failureDetails":[],"failureMessages":[],"fullName":"SessionService does not revoke session when not owner","invocations":1,"location":null,"numPassingAsserts":1,"retryReasons":[],"startAt":1786614435231,"status":"passed","title":"does not revoke session when not owner"},{"ancestorTitles":["SessionService"],"duration":1,"failing":false,"failureDetails":[],"failureMessages":[],"fullName":"SessionService revokes all except current","invocations":1,"location":null,"numPassingAsserts":2,"retryReasons":[],"startAt":1786614435232,"status":"passed","title":"revokes all except current"},{"ancestorTitles":["SessionService"],"duration":1,"failing":false,"failureDetails":[],"failureMessages":[],"fullName":"SessionService logout current delegates to revoke","invocations":1,"location":null,"numPassingAsserts":1,"retryReasons":[],"startAt":1786614435233,"status":"passed","title":"logout current delegates to revoke"}],"endTime":1786614435235,"message":"","name":"D:\\Project 2\\CashFlow\\apps\\backend\\src\\modules\\auth\\services\\session.service.spec.ts","startTime":1786614434954,"status":"passed","summary":""},{"assertionResults":[{"ancestorTitles":["TransactionsService scaling regression (IDR 100k)"],"duration":5,"failing":false,"failureDetails":[],"failureMessages":[],"fullName":"TransactionsService scaling regression (IDR 100k) should store and apply exactly 100000 (Rp100.000) when provided","invocations":1,"location":null,"numPassingAsserts":3,"retryReasons":[],"startAt":1786614435524,"status":"passed","title":"should store and apply exactly 100000 (Rp100.000) when provided"},{"ancestorTitles":["TransactionsService scaling regression (IDR 100k)"],"duration":2,"failing":false,"failureDetails":[],"failureMessages":[],"fullName":"TransactionsService scaling regression (IDR 100k) should fail to double-scale (i.e., not store 10000000) for same input","invocations":1,"location":null,"numPassingAsserts":1,"retryReasons":[],"startAt":1786614435529,"status":"passed","title":"should fail to double-scale (i.e., not store 10000000) for same input"}],"endTime":1786614435531,"message":"","name":"D:\\Project 2\\CashFlow\\apps\\backend\\src\\modules\\transactions\\services\\transactions.regression.scaling.spec.ts","startTime":1786614435243,"status":"passed","summary":""},{"assertionResults":[{"ancestorTitles":["E.6.1B Persisted staging artifact store verification (staging-only)"],"duration":3,"failing":false,"failureDetails":[],"failureMessages":[],"fullName":"E.6.1B Persisted staging artifact store verification (staging-only) asserts staging environment safety (no production indicators)","invocations":1,"location":null,"numPassingAsserts":8,"retryReasons":[],"startAt":1786614435617,"status":"passed","title":"asserts staging environment safety (no production indicators)"},{"ancestorTitles":["E.6.1B Persisted staging artifact store verification (staging-only)"],"duration":21,"failing":false,"failureDetails":[],"failureMessages":[],"fullName":"E.6.1B Persisted staging artifact store verification (staging-only) creates immutable snapshot artifact and verifies hash/manifest","invocations":1,"location":null,"numPassingAsserts":2,"retryReasons":[],"startAt":1786614435620,"status":"passed","title":"creates immutable snapshot artifact and verifies hash/manifest"},{"ancestorTitles":["E.6.1B Persisted staging artifact store verification (staging-only)"],"duration":34,"failing":false,"failureDetails":[],"failureMessages":[],"fullName":"E.6.1B Persisted staging artifact store verification (staging-only) builds recovery plan from persisted snapshot and enforces ×100 prohibition","invocations":1,"location":null,"numPassingAsserts":3,"retryReasons":[],"startAt":1786614435642,"status":"passed","title":"builds recovery plan from persisted snapshot and enforces ×100 prohibition"},{"ancestorTitles":["E.6.1B Persisted staging artifact store verification (staging-only)"],"duration":12,"failing":false,"failureDetails":[],"failureMessages":[],"fullName":"E.6.1B Persisted staging artifact store verification (staging-only) enforces approval gate and mutation_authorized flag in persisted store","invocations":1,"location":null,"numPassingAsserts":4,"retryReasons":[],"startAt":1786614435677,"status":"passed","title":"enforces approval gate and mutation_authorized flag in persisted store"},{"ancestorTitles":["E.6.1B Persisted staging artifact store verification (staging-only)"],"duration":11,"failing":false,"failureDetails":[],"failureMessages":[],"fullName":"E.6.1B Persisted staging artifact store verification (staging-only) simulates concurrency using file-locking and verifies single execution","invocations":1,"location":null,"numPassingAsserts":2,"retryReasons":[],"startAt":1786614435689,"status":"passed","title":"simulates concurrency using file-locking and verifies single execution"},{"ancestorTitles":["E.6.1B Persisted staging artifact store verification (staging-only)"],"duration":6,"failing":false,"failureDetails":[],"failureMessages":[],"fullName":"E.6.1B Persisted staging artifact store verification (staging-only) performs rollback by restoring snapshot and verifies equality","invocations":1,"location":null,"numPassingAsserts":3,"retryReasons":[],"startAt":1786614435700,"status":"passed","title":"performs rollback by restoring snapshot and verifies equality"},{"ancestorTitles":["E.6.1B Persisted staging artifact store verification (staging-only)"],"duration":1,"failing":false,"failureDetails":[],"failureMessages":[],"fullName":"E.6.1B Persisted staging artifact store verification (staging-only) performs basic balance reconciliation checks (arithmetic only)","invocations":1,"location":null,"numPassingAsserts":1,"retryReasons":[],"startAt":1786614435706,"status":"passed","title":"performs basic balance reconciliation checks (arithmetic only)"},{"ancestorTitles":["E.6.1B Persisted staging artifact store verification (staging-only)"],"duration":1,"failing":false,"failureDetails":[],"failureMessages":[],"fullName":"E.6.1B Persisted staging artifact store verification (staging-only) includes mandatory ×100 safety rejection test","invocations":1,"location":null,"numPassingAsserts":1,"retryReasons":[],"startAt":1786614435707,"status":"passed","title":"includes mandatory ×100 safety rejection test"},{"ancestorTitles":["E.6.1B Persisted staging artifact store verification (staging-only)"],"duration":4,"failing":false,"failureDetails":[],"failureMessages":[],"fullName":"E.6.1B Persisted staging artifact store verification (staging-only) writes final JSON and MD reports","invocations":1,"location":null,"numPassingAsserts":2,"retryReasons":[],"startAt":1786614435708,"status":"passed","title":"writes final JSON and MD reports"}],"endTime":1786614435713,"message":"","name":"D:\\Project 2\\CashFlow\\apps\\backend\\src\\modules\\audit\\e6_1b_persisted_artifact_store.spec.ts","startTime":1786614435539,"status":"passed","summary":""},{"assertionResults":[{"ancestorTitles":["E.6.1C durable staging artifact verification (staging-only)"],"duration":4,"failing":false,"failureDetails":[],"failureMessages":[],"fullName":"E.6.1C durable staging artifact verification (staging-only) verifies the environment is a non-production staging-safe environment","invocations":1,"location":null,"numPassingAsserts":3,"retryReasons":[],"startAt":1786614435810,"status":"passed","title":"verifies the environment is a non-production staging-safe environment"},{"ancestorTitles":["E.6.1C durable staging artifact verification (staging-only)"],"duration":26,"failing":false,"failureDetails":[],"failureMessages":[],"fullName":"E.6.1C durable staging artifact verification (staging-only) creates durable staging artifacts and verifies immutable snapshot hashing","invocations":1,"location":null,"numPassingAsserts":5,"retryReasons":[],"startAt":1786614435814,"status":"passed","title":"creates durable staging artifacts and verifies immutable snapshot hashing"},{"ancestorTitles":["E.6.1C durable staging artifact verification (staging-only)"],"duration":32,"failing":false,"failureDetails":[],"failureMessages":[],"fullName":"E.6.1C durable staging artifact verification (staging-only) enforces ×100 rejection through the actual recovery service","invocations":1,"location":null,"numPassingAsserts":5,"retryReasons":[],"startAt":1786614435841,"status":"passed","title":"enforces ×100 rejection through the actual recovery service"},{"ancestorTitles":["E.6.1C durable staging artifact verification (staging-only)"],"duration":2,"failing":false,"failureDetails":[],"failureMessages":[],"fullName":"E.6.1C durable staging artifact verification (staging-only) performs a safe non-×100 execution, idempotency check, rollback, and concurrency guard","invocations":1,"location":null,"numPassingAsserts":11,"retryReasons":[],"startAt":1786614435874,"status":"passed","title":"performs a safe non-×100 execution, idempotency check, rollback, and concurrency guard"},{"ancestorTitles":["E.6.1C durable staging artifact verification (staging-only)"],"duration":5,"failing":false,"failureDetails":[],"failureMessages":[],"fullName":"E.6.1C durable staging artifact verification (staging-only) persists staging audit records and final verification report","invocations":1,"location":null,"numPassingAsserts":5,"retryReasons":[],"startAt":1786614435876,"status":"passed","title":"persists staging audit records and final verification report"}],"endTime":1786614435881,"message":"","name":"D:\\Project 2\\CashFlow\\apps\\backend\\src\\modules\\audit\\e6_1c_staging_verification.spec.ts","startTime":1786614435732,"status":"passed","summary":""},{"assertionResults":[{"ancestorTitles":["HistoricalDataRecoveryService"],"duration":2,"failing":false,"failureDetails":[],"failureMessages":[],"fullName":"HistoricalDataRecoveryService dry-run performs zero mutation by default","invocations":1,"location":null,"numPassingAsserts":3,"retryReasons":[],"startAt":1786614435968,"status":"passed","title":"dry-run performs zero mutation by default"},{"ancestorTitles":["HistoricalDataRecoveryService"],"duration":30,"failing":false,"failureDetails":[],"failureMessages":[],"fullName":"HistoricalDataRecoveryService requires manual approval before a recovery can execute","invocations":1,"location":null,"numPassingAsserts":1,"retryReasons":[],"startAt":1786614435970,"status":"passed","title":"requires manual approval before a recovery can execute"},{"ancestorTitles":["HistoricalDataRecoveryService"],"duration":1,"failing":false,"failureDetails":[],"failureMessages":[],"fullName":"HistoricalDataRecoveryService rejects unauthorized user recovery attempts","invocations":1,"location":null,"numPassingAsserts":1,"retryReasons":[],"startAt":1786614436000,"status":"passed","title":"rejects unauthorized user recovery attempts"},{"ancestorTitles":["HistoricalDataRecoveryService"],"duration":1,"failing":false,"failureDetails":[],"failureMessages":[],"fullName":"HistoricalDataRecoveryService rejects unsupported currency and currency mismatch","invocations":1,"location":null,"numPassingAsserts":2,"retryReasons":[],"startAt":1786614436001,"status":"passed","title":"rejects unsupported currency and currency mismatch"},{"ancestorTitles":["HistoricalDataRecoveryService"],"duration":0,"failing":false,"failureDetails":[],"failureMessages":[],"fullName":"HistoricalDataRecoveryService marks stale findings before execution","invocations":1,"location":null,"numPassingAsserts":2,"retryReasons":[],"startAt":1786614436003,"status":"passed","title":"marks stale findings before execution"},{"ancestorTitles":["HistoricalDataRecoveryService"],"duration":1,"failing":false,"failureDetails":[],"failureMessages":[],"fullName":"HistoricalDataRecoveryService prevents automatic ×100 and ÷100 corrections","invocations":1,"location":null,"numPassingAsserts":1,"retryReasons":[],"startAt":1786614436003,"status":"passed","title":"prevents automatic ×100 and ÷100 corrections"},{"ancestorTitles":["HistoricalDataRecoveryService"],"duration":0,"failing":false,"failureDetails":[],"failureMessages":[],"fullName":"HistoricalDataRecoveryService idempotently handles repeated execution and records an audit trail","invocations":1,"location":null,"numPassingAsserts":3,"retryReasons":[],"startAt":1786614436005,"status":"passed","title":"idempotently handles repeated execution and records an audit trail"},{"ancestorTitles":["HistoricalDataRecoveryService"],"duration":1,"failing":false,"failureDetails":[],"failureMessages":[],"fullName":"HistoricalDataRecoveryService rolls back to the exact original value and preserves audit history","invocations":1,"location":null,"numPassingAsserts":3,"retryReasons":[],"startAt":1786614436005,"status":"passed","title":"rolls back to the exact original value and preserves audit history"},{"ancestorTitles":["HistoricalDataRecoveryService"],"duration":1,"failing":false,"failureDetails":[],"failureMessages":[],"fullName":"HistoricalDataRecoveryService preserves exact BigInt values and MAX_SAFE_INTEGER boundaries","invocations":1,"location":null,"numPassingAsserts":7,"retryReasons":[],"startAt":1786614436006,"status":"passed","title":"preserves exact BigInt values and MAX_SAFE_INTEGER boundaries"},{"ancestorTitles":["HistoricalDataRecoveryService"],"duration":1,"failing":false,"failureDetails":[],"failureMessages":[],"fullName":"HistoricalDataRecoveryService requires an explicit execution intent for controlled execution","invocations":1,"location":null,"numPassingAsserts":3,"retryReasons":[],"startAt":1786614436007,"status":"passed","title":"requires an explicit execution intent for controlled execution"},{"ancestorTitles":["HistoricalDataRecoveryService"],"duration":1,"failing":false,"failureDetails":[],"failureMessages":[],"fullName":"HistoricalDataRecoveryService supports idempotent re-execution without duplicating mutation","invocations":1,"location":null,"numPassingAsserts":4,"retryReasons":[],"startAt":1786614436008,"status":"passed","title":"supports idempotent re-execution without duplicating mutation"},{"ancestorTitles":["HistoricalDataRecoveryService"],"duration":1,"failing":false,"failureDetails":[],"failureMessages":[],"fullName":"HistoricalDataRecoveryService rejects simulated transaction failure without mutating state","invocations":1,"location":null,"numPassingAsserts":3,"retryReasons":[],"startAt":1786614436009,"status":"passed","title":"rejects simulated transaction failure without mutating state"},{"ancestorTitles":["HistoricalDataRecoveryService"],"duration":1,"failing":false,"failureDetails":[],"failureMessages":[],"fullName":"HistoricalDataRecoveryService requires explicit transfer side selection for transfer mismatch findings","invocations":1,"location":null,"numPassingAsserts":1,"retryReasons":[],"startAt":1786614436010,"status":"passed","title":"requires explicit transfer side selection for transfer mismatch findings"},{"ancestorTitles":["HistoricalDataRecoveryService"],"duration":1,"failing":false,"failureDetails":[],"failureMessages":[],"fullName":"HistoricalDataRecoveryService never auto-fixes cross-currency transfer or single-leg transfer findings","invocations":1,"location":null,"numPassingAsserts":1,"retryReasons":[],"startAt":1786614436011,"status":"passed","title":"never auto-fixes cross-currency transfer or single-leg transfer findings"}],"endTime":1786614436013,"message":"","name":"D:\\Project 2\\CashFlow\\apps\\backend\\src\\modules\\audit\\historical-data-recovery.service.spec.ts","startTime":1786614435888,"status":"passed","summary":""},{"assertionResults":[{"ancestorTitles":["E.6.1 STAGING recovery safety verification (staging only)"],"duration":2,"failing":false,"failureDetails":[],"failureMessages":[],"fullName":"E.6.1 STAGING recovery safety verification (staging only) performs environment safety assertion (no production target)","invocations":1,"location":null,"numPassingAsserts":5,"retryReasons":[],"startAt":1786614436099,"status":"passed","title":"performs environment safety assertion (no production target)"},{"ancestorTitles":["E.6.1 STAGING recovery safety verification (staging only)"],"duration":1,"failing":false,"failureDetails":[],"failureMessages":[],"fullName":"E.6.1 STAGING recovery safety verification (staging only) creates an immutable pre-mutation snapshot and verifies hash","invocations":1,"location":null,"numPassingAsserts":2,"retryReasons":[],"startAt":1786614436102,"status":"passed","title":"creates an immutable pre-mutation snapshot and verifies hash"},{"ancestorTitles":["E.6.1 STAGING recovery safety verification (staging only)"],"duration":27,"failing":false,"failureDetails":[],"failureMessages":[],"fullName":"E.6.1 STAGING recovery safety verification (staging only) builds recovery plans and enforces ×100 prohibition for direct approval","invocations":1,"location":null,"numPassingAsserts":3,"retryReasons":[],"startAt":1786614436103,"status":"passed","title":"builds recovery plans and enforces ×100 prohibition for direct approval"},{"ancestorTitles":["E.6.1 STAGING recovery safety verification (staging only)"],"duration":2,"failing":false,"failureDetails":[],"failureMessages":[],"fullName":"E.6.1 STAGING recovery safety verification (staging only) simulates a non-×100 approved recovery, executes, audits, and rolls back in staging","invocations":1,"location":null,"numPassingAsserts":11,"retryReasons":[],"startAt":1786614436130,"status":"passed","title":"simulates a non-×100 approved recovery, executes, audits, and rolls back in staging"},{"ancestorTitles":["E.6.1 STAGING recovery safety verification (staging only)"],"duration":0,"failing":false,"failureDetails":[],"failureMessages":[],"fullName":"E.6.1 STAGING recovery safety verification (staging only) performs balance reconciliation math for the primary synthetic account","invocations":1,"location":null,"numPassingAsserts":3,"retryReasons":[],"startAt":1786614436132,"status":"passed","title":"performs balance reconciliation math for the primary synthetic account"},{"ancestorTitles":["E.6.1 STAGING recovery safety verification (staging only)"],"duration":1,"failing":false,"failureDetails":[],"failureMessages":[],"fullName":"E.6.1 STAGING recovery safety verification (staging only) simulates two concurrent execution attempts and ensures no double-apply","invocations":1,"location":null,"numPassingAsserts":2,"retryReasons":[],"startAt":1786614436132,"status":"passed","title":"simulates two concurrent execution attempts and ensures no double-apply"}],"endTime":1786614436134,"message":"","name":"D:\\Project 2\\CashFlow\\apps\\backend\\src\\modules\\audit\\e6_1_staging_verification.spec.ts","startTime":1786614436020,"status":"passed","summary":""},{"assertionResults":[{"ancestorTitles":["HistoricalDataAuditService"],"duration":3,"failing":false,"failureDetails":[],"failureMessages":[],"fullName":"HistoricalDataAuditService does not flag clean data as suspicious","invocations":1,"location":null,"numPassingAsserts":2,"retryReasons":[],"startAt":1786614436206,"status":"passed","title":"does not flag clean data as suspicious"},{"ancestorTitles":["HistoricalDataAuditService"],"duration":1,"failing":false,"failureDetails":[],"failureMessages":[],"fullName":"HistoricalDataAuditService accepts valid IDR and decimal-currency references without false positives","invocations":1,"location":null,"numPassingAsserts":1,"retryReasons":[],"startAt":1786614436210,"status":"passed","title":"accepts valid IDR and decimal-currency references without false positives"},{"ancestorTitles":["HistoricalDataAuditService"],"duration":1,"failing":false,"failureDetails":[],"failureMessages":[],"fullName":"HistoricalDataAuditService detects mixed currency aggregation in the same account and period","invocations":1,"location":null,"numPassingAsserts":1,"retryReasons":[],"startAt":1786614436211,"status":"passed","title":"detects mixed currency aggregation in the same account and period"},{"ancestorTitles":["HistoricalDataAuditService"],"duration":1,"failing":false,"failureDetails":[],"failureMessages":[],"fullName":"HistoricalDataAuditService detects balance discrepancies without mutating historical records","invocations":1,"location":null,"numPassingAsserts":2,"retryReasons":[],"startAt":1786614436213,"status":"passed","title":"detects balance discrepancies without mutating historical records"},{"ancestorTitles":["HistoricalDataAuditService"],"duration":1,"failing":false,"failureDetails":[],"failureMessages":[],"fullName":"HistoricalDataAuditService detects transfer mismatch and cross-currency transfer anomalies","invocations":1,"location":null,"numPassingAsserts":1,"retryReasons":[],"startAt":1786614436214,"status":"passed","title":"detects transfer mismatch and cross-currency transfer anomalies"},{"ancestorTitles":["HistoricalDataAuditService"],"duration":0,"failing":false,"failureDetails":[],"failureMessages":[],"fullName":"HistoricalDataAuditService keeps BigInt precision exact for values beyond MAX_SAFE_INTEGER","invocations":1,"location":null,"numPassingAsserts":3,"retryReasons":[],"startAt":1786614436215,"status":"passed","title":"keeps BigInt precision exact for values beyond MAX_SAFE_INTEGER"},{"ancestorTitles":["HistoricalDataAuditService"],"duration":0,"failing":false,"failureDetails":[],"failureMessages":[],"fullName":"HistoricalDataAuditService exposes read-only audit contract in case of accidental write attempts","invocations":1,"location":null,"numPassingAsserts":3,"retryReasons":[],"startAt":1786614436215,"status":"passed","title":"exposes read-only audit contract in case of accidental write attempts"}],"endTime":1786614436217,"message":"","name":"D:\\Project 2\\CashFlow\\apps\\backend\\src\\modules\\audit\\historical-data-audit.service.spec.ts","startTime":1786614436139,"status":"passed","summary":""}],"wasInterrupted":false}
