{"numFailedTestSuites":0,"numFailedTests":0,"numPassedTestSuites":102,"numPassedTests":750,"numPendingTestSuites":0,"numPendingTests":0,"numRuntimeErrorTestSuites":0,"numTodoTests":0,"numTotalTestSuites":102,"numTotalTests":750,"openHandles":[],"snapshot":{"added":0,"didUpdate":false,"failure":false,"filesAdded":0,"filesRemoved":0,"filesRemovedList":[],"filesUnmatched":0,"filesUpdated":0,"matched":0,"total":0,"unchecked":0,"uncheckedKeysByFile":[],"unmatched":0,"updated":0},"startTime":1787143212932,"success":true,"testResults":[{"assertionResults":[{"ancestorTitles":["EmailController (security)","POST /auth/email/send-verification"],"duration":430,"failing":false,"failureDetails":[],"failureMessages":[],"fullName":"EmailController (security) POST /auth/email/send-verification rejects a malformed email","invocations":1,"location":null,"numPassingAsserts":1,"retryReasons":[],"startAt":1787143215739,"status":"passed","title":"rejects a malformed email"},{"ancestorTitles":["EmailController (security)","POST /auth/email/send-verification"],"duration":17,"failing":false,"failureDetails":[],"failureMessages":[],"fullName":"EmailController (security) POST /auth/email/send-verification rejects an empty email","invocations":1,"location":null,"numPassingAsserts":1,"retryReasons":[],"startAt":1787143216170,"status":"passed","title":"rejects an empty email"},{"ancestorTitles":["EmailController (security)","POST /auth/email/send-verification"],"duration":17,"failing":false,"failureDetails":[],"failureMessages":[],"fullName":"EmailController (security) POST /auth/email/send-verification accepts a valid email","invocations":1,"location":null,"numPassingAsserts":2,"retryReasons":[],"startAt":1787143216187,"status":"passed","title":"accepts a valid email"},{"ancestorTitles":["EmailController (security)","POST /auth/email/send-verification"],"duration":14,"failing":false,"failureDetails":[],"failureMessages":[],"fullName":"EmailController (security) POST /auth/email/send-verification responds generically for unknown emails without sending","invocations":1,"location":null,"numPassingAsserts":2,"retryReasons":[],"startAt":1787143216205,"status":"passed","title":"responds generically for unknown emails without sending"},{"ancestorTitles":["EmailController (security)","POST /auth/email/send-verification"],"duration":14,"failing":false,"failureDetails":[],"failureMessages":[],"fullName":"EmailController (security) POST /auth/email/send-verification is rate limited per IP","invocations":1,"location":null,"numPassingAsserts":1,"retryReasons":[],"startAt":1787143216220,"status":"passed","title":"is rate limited per IP"},{"ancestorTitles":["EmailController (security)","POST /auth/email/resend"],"duration":15,"failing":false,"failureDetails":[],"failureMessages":[],"fullName":"EmailController (security) POST /auth/email/resend rejects a malformed email","invocations":1,"location":null,"numPassingAsserts":1,"retryReasons":[],"startAt":1787143216234,"status":"passed","title":"rejects a malformed email"},{"ancestorTitles":["EmailController (security)","POST /auth/email/resend"],"duration":22,"failing":false,"failureDetails":[],"failureMessages":[],"fullName":"EmailController (security) POST /auth/email/resend accepts a valid email","invocations":1,"location":null,"numPassingAsserts":1,"retryReasons":[],"startAt":1787143216250,"status":"passed","title":"accepts a valid email"},{"ancestorTitles":["EmailController (security)","POST /auth/email/resend"],"duration":11,"failing":false,"failureDetails":[],"failureMessages":[],"fullName":"EmailController (security) POST /auth/email/resend is rate limited per IP","invocations":1,"location":null,"numPassingAsserts":1,"retryReasons":[],"startAt":1787143216272,"status":"passed","title":"is rate limited per IP"},{"ancestorTitles":["EmailController (security)","GET /auth/email/verify"],"duration":14,"failing":false,"failureDetails":[],"failureMessages":[],"fullName":"EmailController (security) GET /auth/email/verify remains publicly accessible without authentication","invocations":1,"location":null,"numPassingAsserts":2,"retryReasons":[],"startAt":1787143216283,"status":"passed","title":"remains publicly accessible without authentication"},{"ancestorTitles":["EmailController (security)","POST /auth/email/forgot-password"],"duration":14,"failing":false,"failureDetails":[],"failureMessages":[],"fullName":"EmailController (security) POST /auth/email/forgot-password remains publicly accessible without authentication","invocations":1,"location":null,"numPassingAsserts":2,"retryReasons":[],"startAt":1787143216298,"status":"passed","title":"remains publicly accessible without authentication"},{"ancestorTitles":["EmailController (security)","POST /auth/email/forgot-password"],"duration":11,"failing":false,"failureDetails":[],"failureMessages":[],"fullName":"EmailController (security) POST /auth/email/forgot-password rejects a malformed email","invocations":1,"location":null,"numPassingAsserts":1,"retryReasons":[],"startAt":1787143216312,"status":"passed","title":"rejects a malformed email"},{"ancestorTitles":["EmailController (security)","POST /auth/email/forgot-password"],"duration":12,"failing":false,"failureDetails":[],"failureMessages":[],"fullName":"EmailController (security) POST /auth/email/forgot-password responds generically for unknown emails without writing tokens","invocations":1,"location":null,"numPassingAsserts":2,"retryReasons":[],"startAt":1787143216323,"status":"passed","title":"responds generically for unknown emails without writing tokens"},{"ancestorTitles":["EmailController (security)","POST /auth/email/forgot-password"],"duration":11,"failing":false,"failureDetails":[],"failureMessages":[],"fullName":"EmailController (security) POST /auth/email/forgot-password does not leak the raw reset token in the response","invocations":1,"location":null,"numPassingAsserts":2,"retryReasons":[],"startAt":1787143216336,"status":"passed","title":"does not leak the raw reset token in the response"},{"ancestorTitles":["EmailController (security)","POST /auth/email/forgot-password"],"duration":10,"failing":false,"failureDetails":[],"failureMessages":[],"fullName":"EmailController (security) POST /auth/email/forgot-password is not blocked by the send/resend rate limiter (public flow)","invocations":1,"location":null,"numPassingAsserts":0,"retryReasons":[],"startAt":1787143216347,"status":"passed","title":"is not blocked by the send/resend rate limiter (public flow)"}],"endTime":1787143216359,"message":"","name":"D:\\Project 2\\CashFlow\\apps\\backend\\src\\modules\\auth\\controllers\\email.controller.spec.ts","startTime":1787143213440,"status":"passed","summary":""},{"assertionResults":[{"ancestorTitles":["UsersController (security)","GET /users/:id"],"duration":123,"failing":false,"failureDetails":[],"failureMessages":[],"fullName":"UsersController (security) GET /users/:id rejects unauthenticated access","invocations":1,"location":null,"numPassingAsserts":1,"retryReasons":[],"startAt":1787143217292,"status":"passed","title":"rejects unauthenticated access"},{"ancestorTitles":["UsersController (security)","GET /users/:id"],"duration":24,"failing":false,"failureDetails":[],"failureMessages":[],"fullName":"UsersController (security) GET /users/:id rejects an authenticated user reading another user record","invocations":1,"location":null,"numPassingAsserts":1,"retryReasons":[],"startAt":1787143217415,"status":"passed","title":"rejects an authenticated user reading another user record"},{"ancestorTitles":["UsersController (security)","GET /users/:id"],"duration":13,"failing":false,"failureDetails":[],"failureMessages":[],"fullName":"UsersController (security) GET /users/:id allows an authenticated user reading their own record","invocations":1,"location":null,"numPassingAsserts":2,"retryReasons":[],"startAt":1787143217439,"status":"passed","title":"allows an authenticated user reading their own record"},{"ancestorTitles":["UsersController (security)","GET /users/:id"],"duration":13,"failing":false,"failureDetails":[],"failureMessages":[],"fullName":"UsersController (security) GET /users/:id never exposes password_hash in the response","invocations":1,"location":null,"numPassingAsserts":2,"retryReasons":[],"startAt":1787143217452,"status":"passed","title":"never exposes password_hash in the response"},{"ancestorTitles":["UsersController (security)","PATCH /users/:id"],"duration":15,"failing":false,"failureDetails":[],"failureMessages":[],"fullName":"UsersController (security) PATCH /users/:id rejects unauthenticated access","invocations":1,"location":null,"numPassingAsserts":1,"retryReasons":[],"startAt":1787143217465,"status":"passed","title":"rejects unauthenticated access"},{"ancestorTitles":["UsersController (security)","PATCH /users/:id"],"duration":11,"failing":false,"failureDetails":[],"failureMessages":[],"fullName":"UsersController (security) PATCH /users/:id rejects modifying another user record","invocations":1,"location":null,"numPassingAsserts":1,"retryReasons":[],"startAt":1787143217480,"status":"passed","title":"rejects modifying another user record"},{"ancestorTitles":["UsersController (security)","PATCH /users/:id"],"duration":11,"failing":false,"failureDetails":[],"failureMessages":[],"fullName":"UsersController (security) PATCH /users/:id allows modifying own record","invocations":1,"location":null,"numPassingAsserts":1,"retryReasons":[],"startAt":1787143217491,"status":"passed","title":"allows modifying own record"},{"ancestorTitles":["UsersController (security)","DELETE /users/:id"],"duration":8,"failing":false,"failureDetails":[],"failureMessages":[],"fullName":"UsersController (security) DELETE /users/:id rejects unauthenticated access","invocations":1,"location":null,"numPassingAsserts":1,"retryReasons":[],"startAt":1787143217502,"status":"passed","title":"rejects unauthenticated access"},{"ancestorTitles":["UsersController (security)","DELETE /users/:id"],"duration":11,"failing":false,"failureDetails":[],"failureMessages":[],"fullName":"UsersController (security) DELETE /users/:id rejects deleting another user record","invocations":1,"location":null,"numPassingAsserts":1,"retryReasons":[],"startAt":1787143217510,"status":"passed","title":"rejects deleting another user record"},{"ancestorTitles":["UsersController (security)","DELETE /users/:id"],"duration":11,"failing":false,"failureDetails":[],"failureMessages":[],"fullName":"UsersController (security) DELETE /users/:id allows deleting own record","invocations":1,"location":null,"numPassingAsserts":1,"retryReasons":[],"startAt":1787143217521,"status":"passed","title":"allows deleting own record"},{"ancestorTitles":["UsersController (security)","POST /users"],"duration":10,"failing":false,"failureDetails":[],"failureMessages":[],"fullName":"UsersController (security) POST /users rejects unauthenticated creation","invocations":1,"location":null,"numPassingAsserts":1,"retryReasons":[],"startAt":1787143217532,"status":"passed","title":"rejects unauthenticated creation"},{"ancestorTitles":["UsersController (security)","POST /users"],"duration":58,"failing":false,"failureDetails":[],"failureMessages":[],"fullName":"UsersController (security) POST /users rejects non-SUPER_ADMIN creation","invocations":1,"location":null,"numPassingAsserts":1,"retryReasons":[],"startAt":1787143217542,"status":"passed","title":"rejects non-SUPER_ADMIN creation"},{"ancestorTitles":["UsersController (security)","POST /users"],"duration":10,"failing":false,"failureDetails":[],"failureMessages":[],"fullName":"UsersController (security) POST /users allows SUPER_ADMIN creation","invocations":1,"location":null,"numPassingAsserts":1,"retryReasons":[],"startAt":1787143217601,"status":"passed","title":"allows SUPER_ADMIN creation"},{"ancestorTitles":["UsersController (security)","GET /users (list)"],"duration":12,"failing":false,"failureDetails":[],"failureMessages":[],"fullName":"UsersController (security) GET /users (list) keeps blocking non-SUPER_ADMIN roles","invocations":1,"location":null,"numPassingAsserts":1,"retryReasons":[],"startAt":1787143217611,"status":"passed","title":"keeps blocking non-SUPER_ADMIN roles"},{"ancestorTitles":["UsersController (security)","GET /users (list)"],"duration":10,"failing":false,"failureDetails":[],"failureMessages":[],"fullName":"UsersController (security) GET /users (list) keeps allowing SUPER_ADMIN","invocations":1,"location":null,"numPassingAsserts":3,"retryReasons":[],"startAt":1787143217623,"status":"passed","title":"keeps allowing SUPER_ADMIN"}],"endTime":1787143217634,"message":"","name":"D:\\Project 2\\CashFlow\\apps\\backend\\src\\modules\\users\\controllers\\users.controller.spec.ts","startTime":1787143216372,"status":"passed","summary":""},{"assertionResults":[{"ancestorTitles":["AuditLogsController (security)"],"duration":157,"failing":false,"failureDetails":[],"failureMessages":[],"fullName":"AuditLogsController (security) myList: passes authenticated userId and strips attacker-supplied userId from filter","invocations":1,"location":null,"numPassingAsserts":4,"retryReasons":[],"startAt":1787143218716,"status":"passed","title":"myList: passes authenticated userId and strips attacker-supplied userId from filter"},{"ancestorTitles":["AuditLogsController (security)"],"duration":12,"failing":false,"failureDetails":[],"failureMessages":[],"fullName":"AuditLogsController (security) myList: identity comes from AuthUser context, not arbitrary request data","invocations":1,"location":null,"numPassingAsserts":1,"retryReasons":[],"startAt":1787143218873,"status":"passed","title":"myList: identity comes from AuthUser context, not arbitrary request data"},{"ancestorTitles":["AuditLogsController (security)"],"duration":10,"failing":false,"failureDetails":[],"failureMessages":[],"fullName":"AuditLogsController (security) myFindOne: passes authenticated userId and ignores attacker-supplied userId","invocations":1,"location":null,"numPassingAsserts":3,"retryReasons":[],"startAt":1787143218886,"status":"passed","title":"myFindOne: passes authenticated userId and ignores attacker-supplied userId"},{"ancestorTitles":["AuditLogsController (security)"],"duration":10,"failing":false,"failureDetails":[],"failureMessages":[],"fullName":"AuditLogsController (security) myFindOne: identity comes from AuthUser context, not arbitrary request data","invocations":1,"location":null,"numPassingAsserts":1,"retryReasons":[],"startAt":1787143218896,"status":"passed","title":"myFindOne: identity comes from AuthUser context, not arbitrary request data"},{"ancestorTitles":["AuditLogsController (security)"],"duration":18,"failing":false,"failureDetails":[],"failureMessages":[],"fullName":"AuditLogsController (security) list: blocks non-SUPER_ADMIN roles","invocations":1,"location":null,"numPassingAsserts":1,"retryReasons":[],"startAt":1787143218906,"status":"passed","title":"list: blocks non-SUPER_ADMIN roles"},{"ancestorTitles":["AuditLogsController (security)"],"duration":10,"failing":false,"failureDetails":[],"failureMessages":[],"fullName":"AuditLogsController (security) list: allows SUPER_ADMIN and forwards filter including userId","invocations":1,"location":null,"numPassingAsserts":3,"retryReasons":[],"startAt":1787143218924,"status":"passed","title":"list: allows SUPER_ADMIN and forwards filter including userId"},{"ancestorTitles":["AuditLogsController (security)"],"duration":9,"failing":false,"failureDetails":[],"failureMessages":[],"fullName":"AuditLogsController (security) findOne: blocks non-SUPER_ADMIN roles","invocations":1,"location":null,"numPassingAsserts":1,"retryReasons":[],"startAt":1787143218935,"status":"passed","title":"findOne: blocks non-SUPER_ADMIN roles"},{"ancestorTitles":["AuditLogsController (security)"],"duration":9,"failing":false,"failureDetails":[],"failureMessages":[],"fullName":"AuditLogsController (security) findOne: allows SUPER_ADMIN to read any audit log by id","invocations":1,"location":null,"numPassingAsserts":1,"retryReasons":[],"startAt":1787143218944,"status":"passed","title":"findOne: allows SUPER_ADMIN to read any audit log by id"},{"ancestorTitles":["AuditLogsController (security)"],"duration":9,"failing":false,"failureDetails":[],"failureMessages":[],"fullName":"AuditLogsController (security) list: rejects a malformed (non-UUID) userId with 400, no service call","invocations":1,"location":null,"numPassingAsserts":1,"retryReasons":[],"startAt":1787143218953,"status":"passed","title":"list: rejects a malformed (non-UUID) userId with 400, no service call"},{"ancestorTitles":["AuditLogsController (security)"],"duration":9,"failing":false,"failureDetails":[],"failureMessages":[],"fullName":"AuditLogsController (security) list: returns safely when userId does not exist (valid UUID, empty result)","invocations":1,"location":null,"numPassingAsserts":4,"retryReasons":[],"startAt":1787143218962,"status":"passed","title":"list: returns safely when userId does not exist (valid UUID, empty result)"},{"ancestorTitles":["AuditLogsController (security)"],"duration":5,"failing":false,"failureDetails":[],"failureMessages":[],"fullName":"AuditLogsController (security) admin list is marked @Audit AUDIT_VIEW and never targets the admin own sub","invocations":1,"location":null,"numPassingAsserts":4,"retryReasons":[],"startAt":1787143218971,"status":"passed","title":"admin list is marked @Audit AUDIT_VIEW and never targets the admin own sub"},{"ancestorTitles":["AuditLogsController (security)"],"duration":4,"failing":false,"failureDetails":[],"failureMessages":[],"fullName":"AuditLogsController (security) admin findOne is marked @Audit AUDIT_VIEW","invocations":1,"location":null,"numPassingAsserts":3,"retryReasons":[],"startAt":1787143218976,"status":"passed","title":"admin findOne is marked @Audit AUDIT_VIEW"},{"ancestorTitles":["AuditLogsController (security)"],"duration":3,"failing":false,"failureDetails":[],"failureMessages":[],"fullName":"AuditLogsController (security) /me endpoints are NOT marked @Audit AUDIT_VIEW","invocations":1,"location":null,"numPassingAsserts":2,"retryReasons":[],"startAt":1787143218980,"status":"passed","title":"/me endpoints are NOT marked @Audit AUDIT_VIEW"},{"ancestorTitles":["AuditLogsController (security)"],"duration":4,"failing":false,"failureDetails":[],"failureMessages":[],"fullName":"AuditLogsController (security) admin routes are guarded by AdminAuditRateLimitGuard alongside auth guards","invocations":1,"location":null,"numPassingAsserts":6,"retryReasons":[],"startAt":1787143218983,"status":"passed","title":"admin routes are guarded by AdminAuditRateLimitGuard alongside auth guards"},{"ancestorTitles":["AuditLogsController (security)"],"duration":3,"failing":false,"failureDetails":[],"failureMessages":[],"fullName":"AuditLogsController (security) /me route guards remain JwtAuthGuard only","invocations":1,"location":null,"numPassingAsserts":2,"retryReasons":[],"startAt":1787143218987,"status":"passed","title":"/me route guards remain JwtAuthGuard only"}],"endTime":1787143218991,"message":"","name":"D:\\Project 2\\CashFlow\\apps\\backend\\src\\modules\\audit-logs\\controllers\\audit-logs.controller.spec.ts","startTime":1787143217683,"status":"passed","summary":""},{"assertionResults":[{"ancestorTitles":["ForecastController"],"duration":162,"failing":false,"failureDetails":[],"failureMessages":[],"fullName":"ForecastController rejects unauthenticated requests","invocations":1,"location":null,"numPassingAsserts":0,"retryReasons":[],"startAt":1787143220090,"status":"passed","title":"rejects unauthenticated requests"},{"ancestorTitles":["ForecastController"],"duration":12,"failing":false,"failureDetails":[],"failureMessages":[],"fullName":"ForecastController passes req.user.sub to the forecast service","invocations":1,"location":null,"numPassingAsserts":2,"retryReasons":[],"startAt":1787143220252,"status":"passed","title":"passes req.user.sub to the forecast service"},{"ancestorTitles":["ForecastController"],"duration":8,"failing":false,"failureDetails":[],"failureMessages":[],"fullName":"ForecastController passes the default horizon to the service","invocations":1,"location":null,"numPassingAsserts":1,"retryReasons":[],"startAt":1787143220264,"status":"passed","title":"passes the default horizon to the service"},{"ancestorTitles":["ForecastController"],"duration":21,"failing":false,"failureDetails":[],"failureMessages":[],"fullName":"ForecastController passes an explicit horizon to the service","invocations":1,"location":null,"numPassingAsserts":1,"retryReasons":[],"startAt":1787143220273,"status":"passed","title":"passes an explicit horizon to the service"},{"ancestorTitles":["ForecastController"],"duration":9,"failing":false,"failureDetails":[],"failureMessages":[],"fullName":"ForecastController forwards startDate and endDate to the service","invocations":1,"location":null,"numPassingAsserts":1,"retryReasons":[],"startAt":1787143220294,"status":"passed","title":"forwards startDate and endDate to the service"},{"ancestorTitles":["ForecastController"],"duration":8,"failing":false,"failureDetails":[],"failureMessages":[],"fullName":"ForecastController returns insufficientData as a successful HTTP 200","invocations":1,"location":null,"numPassingAsserts":3,"retryReasons":[],"startAt":1787143220303,"status":"passed","title":"returns insufficientData as a successful HTTP 200"},{"ancestorTitles":["ForecastController"],"duration":8,"failing":false,"failureDetails":[],"failureMessages":[],"fullName":"ForecastController wraps the service response correctly","invocations":1,"location":null,"numPassingAsserts":1,"retryReasons":[],"startAt":1787143220311,"status":"passed","title":"wraps the service response correctly"},{"ancestorTitles":["ForecastController"],"duration":7,"failing":false,"failureDetails":[],"failureMessages":[],"fullName":"ForecastController rejects invalid query values","invocations":1,"location":null,"numPassingAsserts":0,"retryReasons":[],"startAt":1787143220319,"status":"passed","title":"rejects invalid query values"},{"ancestorTitles":["ForecastController"],"duration":8,"failing":false,"failureDetails":[],"failureMessages":[],"fullName":"ForecastController surfaces service failures through the exception pipeline","invocations":1,"location":null,"numPassingAsserts":0,"retryReasons":[],"startAt":1787143220326,"status":"passed","title":"surfaces service failures through the exception pipeline"},{"ancestorTitles":["ForecastController"],"duration":11,"failing":false,"failureDetails":[],"failureMessages":[],"fullName":"ForecastController rejects a client-supplied userId (production forbidNonWhitelisted contract)","invocations":1,"location":null,"numPassingAsserts":1,"retryReasons":[],"startAt":1787143220334,"status":"passed","title":"rejects a client-supplied userId (production forbidNonWhitelisted contract)"},{"ancestorTitles":["ForecastController"],"duration":8,"failing":false,"failureDetails":[],"failureMessages":[],"fullName":"ForecastController rejects a non-integer horizon","invocations":1,"location":null,"numPassingAsserts":0,"retryReasons":[],"startAt":1787143220345,"status":"passed","title":"rejects a non-integer horizon"},{"ancestorTitles":["ForecastController"],"duration":8,"failing":false,"failureDetails":[],"failureMessages":[],"fullName":"ForecastController rejects a horizon above the maximum","invocations":1,"location":null,"numPassingAsserts":0,"retryReasons":[],"startAt":1787143220353,"status":"passed","title":"rejects a horizon above the maximum"},{"ancestorTitles":["ForecastController"],"duration":7,"failing":false,"failureDetails":[],"failureMessages":[],"fullName":"ForecastController rejects an invalid startDate","invocations":1,"location":null,"numPassingAsserts":0,"retryReasons":[],"startAt":1787143220361,"status":"passed","title":"rejects an invalid startDate"},{"ancestorTitles":["ForecastController"],"duration":10,"failing":false,"failureDetails":[],"failureMessages":[],"fullName":"ForecastController rejects an invalid endDate","invocations":1,"location":null,"numPassingAsserts":0,"retryReasons":[],"startAt":1787143220368,"status":"passed","title":"rejects an invalid endDate"},{"ancestorTitles":["ForecastController"],"duration":12,"failing":false,"failureDetails":[],"failureMessages":[],"fullName":"ForecastController serializes only the documented contract shape with string money values","invocations":1,"location":null,"numPassingAsserts":12,"retryReasons":[],"startAt":1787143220378,"status":"passed","title":"serializes only the documented contract shape with string money values"}],"endTime":1787143220391,"message":"","name":"D:\\Project 2\\CashFlow\\apps\\backend\\src\\modules\\ai\\controllers\\forecast.controller.spec.ts","startTime":1787143219038,"status":"passed","summary":""},{"assertionResults":[{"ancestorTitles":["AuthController"],"duration":80,"failing":false,"failureDetails":[],"failureMessages":[],"fullName":"AuthController register delegates to UsersService and returns safe response","invocations":1,"location":null,"numPassingAsserts":4,"retryReasons":[],"startAt":1787143221489,"status":"passed","title":"register delegates to UsersService and returns safe response"},{"ancestorTitles":["AuthController"],"duration":5,"failing":false,"failureDetails":[],"failureMessages":[],"fullName":"AuthController me returns current user when found","invocations":1,"location":null,"numPassingAsserts":4,"retryReasons":[],"startAt":1787143221569,"status":"passed","title":"me returns current user when found"},{"ancestorTitles":["AuthController"],"duration":4,"failing":false,"failureDetails":[],"failureMessages":[],"fullName":"AuthController me throws unauthorized when user not found","invocations":1,"location":null,"numPassingAsserts":1,"retryReasons":[],"startAt":1787143221574,"status":"passed","title":"me throws unauthorized when user not found"},{"ancestorTitles":["AuthController"],"duration":65,"failing":false,"failureDetails":[],"failureMessages":[],"fullName":"AuthController me: passes authenticated userId from JWT","invocations":1,"location":null,"numPassingAsserts":2,"retryReasons":[],"startAt":1787143221578,"status":"passed","title":"me: passes authenticated userId from JWT"},{"ancestorTitles":["AuthController"],"duration":11,"failing":false,"failureDetails":[],"failureMessages":[],"fullName":"AuthController me: attacker query userId cannot override authenticated identity","invocations":1,"location":null,"numPassingAsserts":1,"retryReasons":[],"startAt":1787143221643,"status":"passed","title":"me: attacker query userId cannot override authenticated identity"},{"ancestorTitles":["AuthController"],"duration":13,"failing":false,"failureDetails":[],"failureMessages":[],"fullName":"AuthController me: preserves response shape","invocations":1,"location":null,"numPassingAsserts":4,"retryReasons":[],"startAt":1787143221654,"status":"passed","title":"me: preserves response shape"},{"ancestorTitles":["AuthController"],"duration":12,"failing":false,"failureDetails":[],"failureMessages":[],"fullName":"AuthController logout: passes authenticated userId and sessionId to service","invocations":1,"location":null,"numPassingAsserts":3,"retryReasons":[],"startAt":1787143221667,"status":"passed","title":"logout: passes authenticated userId and sessionId to service"},{"ancestorTitles":["AuthController"],"duration":18,"failing":false,"failureDetails":[],"failureMessages":[],"fullName":"AuthController logout: attacker body cannot override authenticated identity","invocations":1,"location":null,"numPassingAsserts":3,"retryReasons":[],"startAt":1787143221679,"status":"passed","title":"logout: attacker body cannot override authenticated identity"}],"endTime":1787143221698,"message":"","name":"D:\\Project 2\\CashFlow\\apps\\backend\\src\\modules\\auth\\auth.controller.spec.ts","startTime":1787143220439,"status":"passed","summary":""},{"assertionResults":[{"ancestorTitles":["AnalyticsController (security)"],"duration":153,"failing":false,"failureDetails":[],"failureMessages":[],"fullName":"AnalyticsController (security) overview: passes authenticated userId, ignores attacker userId","invocations":1,"location":null,"numPassingAsserts":2,"retryReasons":[],"startAt":1787143222563,"status":"passed","title":"overview: passes authenticated userId, ignores attacker userId"},{"ancestorTitles":["AnalyticsController (security)"],"duration":11,"failing":false,"failureDetails":[],"failureMessages":[],"fullName":"AnalyticsController (security) income: passes authenticated userId, ignores attacker userId","invocations":1,"location":null,"numPassingAsserts":2,"retryReasons":[],"startAt":1787143222716,"status":"passed","title":"income: passes authenticated userId, ignores attacker userId"},{"ancestorTitles":["AnalyticsController (security)"],"duration":10,"failing":false,"failureDetails":[],"failureMessages":[],"fullName":"AnalyticsController (security) expenses: passes authenticated userId, ignores attacker userId","invocations":1,"location":null,"numPassingAsserts":2,"retryReasons":[],"startAt":1787143222727,"status":"passed","title":"expenses: passes authenticated userId, ignores attacker userId"},{"ancestorTitles":["AnalyticsController (security)"],"duration":10,"failing":false,"failureDetails":[],"failureMessages":[],"fullName":"AnalyticsController (security) cashflow: passes authenticated userId, ignores attacker userId","invocations":1,"location":null,"numPassingAsserts":2,"retryReasons":[],"startAt":1787143222737,"status":"passed","title":"cashflow: passes authenticated userId, ignores attacker userId"},{"ancestorTitles":["AnalyticsController (security)"],"duration":12,"failing":false,"failureDetails":[],"failureMessages":[],"fullName":"AnalyticsController (security) spending: passes authenticated userId, ignores attacker userId","invocations":1,"location":null,"numPassingAsserts":2,"retryReasons":[],"startAt":1787143222747,"status":"passed","title":"spending: passes authenticated userId, ignores attacker userId"},{"ancestorTitles":["AnalyticsController (security)"],"duration":8,"failing":false,"failureDetails":[],"failureMessages":[],"fullName":"AnalyticsController (security) financial-health: passes authenticated userId, ignores attacker userId","invocations":1,"location":null,"numPassingAsserts":2,"retryReasons":[],"startAt":1787143222759,"status":"passed","title":"financial-health: passes authenticated userId, ignores attacker userId"},{"ancestorTitles":["AnalyticsController (security)"],"duration":9,"failing":false,"failureDetails":[],"failureMessages":[],"fullName":"AnalyticsController (security) insights: passes authenticated userId, ignores attacker userId","invocations":1,"location":null,"numPassingAsserts":2,"retryReasons":[],"startAt":1787143222767,"status":"passed","title":"insights: passes authenticated userId, ignores attacker userId"}],"endTime":1787143222776,"message":"","name":"D:\\Project 2\\CashFlow\\apps\\backend\\src\\modules\\analytics\\controllers\\analytics.controller.spec.ts","startTime":1787143221748,"status":"passed","summary":""},{"assertionResults":[{"ancestorTitles":["ReportsController (security)"],"duration":139,"failing":false,"failureDetails":[],"failureMessages":[],"fullName":"ReportsController (security) monthly: passes authenticated userId and ignores client-supplied userId","invocations":1,"location":null,"numPassingAsserts":2,"retryReasons":[],"startAt":1787143223686,"status":"passed","title":"monthly: passes authenticated userId and ignores client-supplied userId"},{"ancestorTitles":["ReportsController (security)"],"duration":13,"failing":false,"failureDetails":[],"failureMessages":[],"fullName":"ReportsController (security) category-breakdown: passes authenticated userId","invocations":1,"location":null,"numPassingAsserts":2,"retryReasons":[],"startAt":1787143223826,"status":"passed","title":"category-breakdown: passes authenticated userId"},{"ancestorTitles":["ReportsController (security)"],"duration":11,"failing":false,"failureDetails":[],"failureMessages":[],"fullName":"ReportsController (security) cashflow-trend: passes authenticated userId","invocations":1,"location":null,"numPassingAsserts":2,"retryReasons":[],"startAt":1787143223839,"status":"passed","title":"cashflow-trend: passes authenticated userId"},{"ancestorTitles":["ReportsController (security)"],"duration":13,"failing":false,"failureDetails":[],"failureMessages":[],"fullName":"ReportsController (security) budget-analysis: passes authenticated userId","invocations":1,"location":null,"numPassingAsserts":2,"retryReasons":[],"startAt":1787143223850,"status":"passed","title":"budget-analysis: passes authenticated userId"},{"ancestorTitles":["ReportsController (security)"],"duration":12,"failing":false,"failureDetails":[],"failureMessages":[],"fullName":"ReportsController (security) export: passes authenticated userId in export options","invocations":1,"location":null,"numPassingAsserts":2,"retryReasons":[],"startAt":1787143223863,"status":"passed","title":"export: passes authenticated userId in export options"},{"ancestorTitles":["ReportsController (security)"],"duration":10,"failing":false,"failureDetails":[],"failureMessages":[],"fullName":"ReportsController (security) financial-insights: passes authenticated userId","invocations":1,"location":null,"numPassingAsserts":2,"retryReasons":[],"startAt":1787143223876,"status":"passed","title":"financial-insights: passes authenticated userId"}],"endTime":1787143223887,"message":"","name":"D:\\Project 2\\CashFlow\\apps\\backend\\src\\modules\\reports\\controllers\\reports.controller.spec.ts","startTime":1787143222823,"status":"passed","summary":""},{"assertionResults":[{"ancestorTitles":["NotificationsController (security)"],"duration":128,"failing":false,"failureDetails":[],"failureMessages":[],"fullName":"NotificationsController (security) list: passes authenticated userId and ignores client-supplied userId","invocations":1,"location":null,"numPassingAsserts":2,"retryReasons":[],"startAt":1787143224729,"status":"passed","title":"list: passes authenticated userId and ignores client-supplied userId"},{"ancestorTitles":["NotificationsController (security)"],"duration":10,"failing":false,"failureDetails":[],"failureMessages":[],"fullName":"NotificationsController (security) unread-count: passes authenticated userId","invocations":1,"location":null,"numPassingAsserts":2,"retryReasons":[],"startAt":1787143224858,"status":"passed","title":"unread-count: passes authenticated userId"},{"ancestorTitles":["NotificationsController (security)"],"duration":18,"failing":false,"failureDetails":[],"failureMessages":[],"fullName":"NotificationsController (security) read-all: passes authenticated userId and ignores client-supplied userId","invocations":1,"location":null,"numPassingAsserts":2,"retryReasons":[],"startAt":1787143224868,"status":"passed","title":"read-all: passes authenticated userId and ignores client-supplied userId"},{"ancestorTitles":["NotificationsController (security)"],"duration":11,"failing":false,"failureDetails":[],"failureMessages":[],"fullName":"NotificationsController (security) mark-read: passes authenticated userId and route id","invocations":1,"location":null,"numPassingAsserts":3,"retryReasons":[],"startAt":1787143224886,"status":"passed","title":"mark-read: passes authenticated userId and route id"},{"ancestorTitles":["NotificationsController (security)"],"duration":11,"failing":false,"failureDetails":[],"failureMessages":[],"fullName":"NotificationsController (security) delete: passes authenticated userId and route id","invocations":1,"location":null,"numPassingAsserts":3,"retryReasons":[],"startAt":1787143224897,"status":"passed","title":"delete: passes authenticated userId and route id"}],"endTime":1787143224908,"message":"","name":"D:\\Project 2\\CashFlow\\apps\\backend\\src\\modules\\notifications\\controllers\\notifications.controller.spec.ts","startTime":1787143223937,"status":"passed","summary":""},{"assertionResults":[{"ancestorTitles":["AccountsController (security)"],"duration":114,"failing":false,"failureDetails":[],"failureMessages":[],"fullName":"AccountsController (security) create: passes authenticated userId to service and ignores client-supplied userId","invocations":1,"location":null,"numPassingAsserts":2,"retryReasons":[],"startAt":1787143225612,"status":"passed","title":"create: passes authenticated userId to service and ignores client-supplied userId"},{"ancestorTitles":["AccountsController (security)"],"duration":16,"failing":false,"failureDetails":[],"failureMessages":[],"fullName":"AccountsController (security) update: passes authenticated userId to service and ignores client-supplied userId","invocations":1,"location":null,"numPassingAsserts":2,"retryReasons":[],"startAt":1787143225726,"status":"passed","title":"update: passes authenticated userId to service and ignores client-supplied userId"},{"ancestorTitles":["AccountsController (security)"],"duration":29,"failing":false,"failureDetails":[],"failureMessages":[],"fullName":"AccountsController (security) getById: passes authenticated userId to service","invocations":1,"location":null,"numPassingAsserts":2,"retryReasons":[],"startAt":1787143225742,"status":"passed","title":"getById: passes authenticated userId to service"},{"ancestorTitles":["AccountsController (security)"],"duration":10,"failing":false,"failureDetails":[],"failureMessages":[],"fullName":"AccountsController (security) delete: passes authenticated userId to service","invocations":1,"location":null,"numPassingAsserts":2,"retryReasons":[],"startAt":1787143225771,"status":"passed","title":"delete: passes authenticated userId to service"},{"ancestorTitles":["AccountsController (security)"],"duration":8,"failing":false,"failureDetails":[],"failureMessages":[],"fullName":"AccountsController (security) list: passes authenticated userId to service","invocations":1,"location":null,"numPassingAsserts":2,"retryReasons":[],"startAt":1787143225781,"status":"passed","title":"list: passes authenticated userId to service"}],"endTime":1787143225790,"message":"","name":"D:\\Project 2\\CashFlow\\apps\\backend\\src\\modules\\accounts\\controllers\\accounts.controller.spec.ts","startTime":1787143224916,"status":"passed","summary":""},{"assertionResults":[{"ancestorTitles":["AppleAuthService"],"duration":3,"failing":false,"failureDetails":[],"failureMessages":[],"fullName":"AppleAuthService builds an Apple authorization URL when configured","invocations":1,"location":null,"numPassingAsserts":5,"retryReasons":[],"startAt":1787143226334,"status":"passed","title":"builds an Apple authorization URL when configured"},{"ancestorTitles":["AppleAuthService"],"duration":18,"failing":false,"failureDetails":[],"failureMessages":[],"fullName":"AppleAuthService fails safely when Apple configuration is missing","invocations":1,"location":null,"numPassingAsserts":1,"retryReasons":[],"startAt":1787143226337,"status":"passed","title":"fails safely when Apple configuration is missing"},{"ancestorTitles":["AppleAuthService"],"duration":3,"failing":false,"failureDetails":[],"failureMessages":[],"fullName":"AppleAuthService rejects invalid state on Apple callback","invocations":1,"location":null,"numPassingAsserts":1,"retryReasons":[],"startAt":1787143226355,"status":"passed","title":"rejects invalid state on Apple callback"},{"ancestorTitles":["AppleAuthService"],"duration":1,"failing":false,"failureDetails":[],"failureMessages":[],"fullName":"AppleAuthService rejects invalid Apple identity tokens and safe errors","invocations":1,"location":null,"numPassingAsserts":1,"retryReasons":[],"startAt":1787143226358,"status":"passed","title":"rejects invalid Apple identity tokens and safe errors"},{"ancestorTitles":["AppleAuthService"],"duration":2,"failing":false,"failureDetails":[],"failureMessages":[],"fullName":"AppleAuthService logs in an existing Apple-linked account without creating a duplicate user","invocations":1,"location":null,"numPassingAsserts":3,"retryReasons":[],"startAt":1787143226359,"status":"passed","title":"logs in an existing Apple-linked account without creating a duplicate user"},{"ancestorTitles":["AppleAuthService"],"duration":1,"failing":false,"failureDetails":[],"failureMessages":[],"fullName":"AppleAuthService creates a new user and provider account for a first-time Apple login","invocations":1,"location":null,"numPassingAsserts":3,"retryReasons":[],"startAt":1787143226361,"status":"passed","title":"creates a new user and provider account for a first-time Apple login"},{"ancestorTitles":["AppleAuthService"],"duration":1,"failing":false,"failureDetails":[],"failureMessages":[],"fullName":"AppleAuthService rejects unverified Apple emails","invocations":1,"location":null,"numPassingAsserts":1,"retryReasons":[],"startAt":1787143226362,"status":"passed","title":"rejects unverified Apple emails"},{"ancestorTitles":["AppleAuthService"],"duration":0,"failing":false,"failureDetails":[],"failureMessages":[],"fullName":"AppleAuthService rejects when an Apple provider account already belongs to another user","invocations":1,"location":null,"numPassingAsserts":1,"retryReasons":[],"startAt":1787143226363,"status":"passed","title":"rejects when an Apple provider account already belongs to another user"},{"ancestorTitles":["AppleAuthService"],"duration":0,"failing":false,"failureDetails":[],"failureMessages":[],"fullName":"AppleAuthService rejects silent Apple-email merges when the email already belongs to a password account","invocations":1,"location":null,"numPassingAsserts":1,"retryReasons":[],"startAt":1787143226364,"status":"passed","title":"rejects silent Apple-email merges when the email already belongs to a password account"}],"endTime":1787143226365,"message":"","name":"D:\\Project 2\\CashFlow\\apps\\backend\\src\\modules\\auth\\services\\apple-auth.service.spec.ts","startTime":1787143225841,"status":"passed","summary":""},{"assertionResults":[{"ancestorTitles":["GoogleAuthService"],"duration":3,"failing":false,"failureDetails":[],"failureMessages":[],"fullName":"GoogleAuthService successfully logs in an existing linked Google account","invocations":1,"location":null,"numPassingAsserts":3,"retryReasons":[],"startAt":1787143226780,"status":"passed","title":"successfully logs in an existing linked Google account"},{"ancestorTitles":["GoogleAuthService"],"duration":1,"failing":false,"failureDetails":[],"failureMessages":[],"fullName":"GoogleAuthService creates a new user and provider record for a first-time Google login","invocations":1,"location":null,"numPassingAsserts":3,"retryReasons":[],"startAt":1787143226783,"status":"passed","title":"creates a new user and provider record for a first-time Google login"},{"ancestorTitles":["GoogleAuthService"],"duration":1,"failing":false,"failureDetails":[],"failureMessages":[],"fullName":"GoogleAuthService rejects unverified Google emails","invocations":1,"location":null,"numPassingAsserts":1,"retryReasons":[],"startAt":1787143226784,"status":"passed","title":"rejects unverified Google emails"},{"ancestorTitles":["GoogleAuthService"],"duration":1,"failing":false,"failureDetails":[],"failureMessages":[],"fullName":"GoogleAuthService rejects invalid Google callbacks","invocations":1,"location":null,"numPassingAsserts":1,"retryReasons":[],"startAt":1787143226785,"status":"passed","title":"rejects invalid Google callbacks"},{"ancestorTitles":["GoogleAuthService"],"duration":0,"failing":false,"failureDetails":[],"failureMessages":[],"fullName":"GoogleAuthService rejects when a Google account matches an existing user email without provider linkage","invocations":1,"location":null,"numPassingAsserts":1,"retryReasons":[],"startAt":1787143226786,"status":"passed","title":"rejects when a Google account matches an existing user email without provider linkage"}],"endTime":1787143226787,"message":"","name":"D:\\Project 2\\CashFlow\\apps\\backend\\src\\modules\\auth\\services\\google-auth.service.spec.ts","startTime":1787143226372,"status":"passed","summary":""},{"assertionResults":[{"ancestorTitles":["BillsController (security)"],"duration":145,"failing":false,"failureDetails":[],"failureMessages":[],"fullName":"BillsController (security) GET /bills rejects unauthenticated requests","invocations":1,"location":null,"numPassingAsserts":0,"retryReasons":[],"startAt":1787143227505,"status":"passed","title":"GET /bills rejects unauthenticated requests"},{"ancestorTitles":["BillsController (security)"],"duration":21,"failing":false,"failureDetails":[],"failureMessages":[],"fullName":"BillsController (security) GET /bills/upcoming rejects unauthenticated requests","invocations":1,"location":null,"numPassingAsserts":0,"retryReasons":[],"startAt":1787143227650,"status":"passed","title":"GET /bills/upcoming rejects unauthenticated requests"},{"ancestorTitles":["BillsController (security)"],"duration":9,"failing":false,"failureDetails":[],"failureMessages":[],"fullName":"BillsController (security) GET /bills/aaaaaaaa-bbbb-4ccc-8ddd-eeeeeeeeeeee rejects unauthenticated requests","invocations":1,"location":null,"numPassingAsserts":0,"retryReasons":[],"startAt":1787143227671,"status":"passed","title":"GET /bills/aaaaaaaa-bbbb-4ccc-8ddd-eeeeeeeeeeee rejects unauthenticated requests"},{"ancestorTitles":["BillsController (security)"],"duration":8,"failing":false,"failureDetails":[],"failureMessages":[],"fullName":"BillsController (security) POST /bills rejects unauthenticated requests","invocations":1,"location":null,"numPassingAsserts":0,"retryReasons":[],"startAt":1787143227680,"status":"passed","title":"POST /bills rejects unauthenticated requests"},{"ancestorTitles":["BillsController (security)"],"duration":14,"failing":false,"failureDetails":[],"failureMessages":[],"fullName":"BillsController (security) PATCH /bills/aaaaaaaa-bbbb-4ccc-8ddd-eeeeeeeeeeee rejects unauthenticated requests","invocations":1,"location":null,"numPassingAsserts":0,"retryReasons":[],"startAt":1787143227688,"status":"passed","title":"PATCH /bills/aaaaaaaa-bbbb-4ccc-8ddd-eeeeeeeeeeee rejects unauthenticated requests"},{"ancestorTitles":["BillsController (security)"],"duration":9,"failing":false,"failureDetails":[],"failureMessages":[],"fullName":"BillsController (security) DELETE /bills/aaaaaaaa-bbbb-4ccc-8ddd-eeeeeeeeeeee rejects unauthenticated requests","invocations":1,"location":null,"numPassingAsserts":0,"retryReasons":[],"startAt":1787143227702,"status":"passed","title":"DELETE /bills/aaaaaaaa-bbbb-4ccc-8ddd-eeeeeeeeeeee rejects unauthenticated requests"},{"ancestorTitles":["BillsController (security)"],"duration":25,"failing":false,"failureDetails":[],"failureMessages":[],"fullName":"BillsController (security) all unauthenticated bill requests leave the service untouched","invocations":1,"location":null,"numPassingAsserts":6,"retryReasons":[],"startAt":1787143227711,"status":"passed","title":"all unauthenticated bill requests leave the service untouched"},{"ancestorTitles":["BillsController (security)"],"duration":10,"failing":false,"failureDetails":[],"failureMessages":[],"fullName":"BillsController (security) GET /bills: passes authenticated userId","invocations":1,"location":null,"numPassingAsserts":1,"retryReasons":[],"startAt":1787143227736,"status":"passed","title":"GET /bills: passes authenticated userId"},{"ancestorTitles":["BillsController (security)"],"duration":8,"failing":false,"failureDetails":[],"failureMessages":[],"fullName":"BillsController (security) GET /bills/:id: passes authenticated userId and ignores attacker query","invocations":1,"location":null,"numPassingAsserts":1,"retryReasons":[],"startAt":1787143227746,"status":"passed","title":"GET /bills/:id: passes authenticated userId and ignores attacker query"},{"ancestorTitles":["BillsController (security)"],"duration":10,"failing":false,"failureDetails":[],"failureMessages":[],"fullName":"BillsController (security) POST /bills: attacker body userId is rejected by validation (forbidNonWhitelisted)","invocations":1,"location":null,"numPassingAsserts":1,"retryReasons":[],"startAt":1787143227754,"status":"passed","title":"POST /bills: attacker body userId is rejected by validation (forbidNonWhitelisted)"},{"ancestorTitles":["BillsController (security)"],"duration":9,"failing":false,"failureDetails":[],"failureMessages":[],"fullName":"BillsController (security) POST /bills: passes authenticated userId to service","invocations":1,"location":null,"numPassingAsserts":2,"retryReasons":[],"startAt":1787143227764,"status":"passed","title":"POST /bills: passes authenticated userId to service"},{"ancestorTitles":["BillsController (security)"],"duration":9,"failing":false,"failureDetails":[],"failureMessages":[],"fullName":"BillsController (security) PATCH /bills/:id: attacker body userId is rejected by validation","invocations":1,"location":null,"numPassingAsserts":1,"retryReasons":[],"startAt":1787143227774,"status":"passed","title":"PATCH /bills/:id: attacker body userId is rejected by validation"},{"ancestorTitles":["BillsController (security)"],"duration":10,"failing":false,"failureDetails":[],"failureMessages":[],"fullName":"BillsController (security) PATCH /bills/:id: passes authenticated userId to service","invocations":1,"location":null,"numPassingAsserts":3,"retryReasons":[],"startAt":1787143227783,"status":"passed","title":"PATCH /bills/:id: passes authenticated userId to service"},{"ancestorTitles":["BillsController (security)"],"duration":12,"failing":false,"failureDetails":[],"failureMessages":[],"fullName":"BillsController (security) DELETE /bills/:id: passes authenticated userId to service","invocations":1,"location":null,"numPassingAsserts":1,"retryReasons":[],"startAt":1787143227793,"status":"passed","title":"DELETE /bills/:id: passes authenticated userId to service"},{"ancestorTitles":["BillsController (security)"],"duration":10,"failing":false,"failureDetails":[],"failureMessages":[],"fullName":"BillsController (security) GET /bills/upcoming: passes authenticated userId and forwards date window","invocations":1,"location":null,"numPassingAsserts":1,"retryReasons":[],"startAt":1787143227806,"status":"passed","title":"GET /bills/upcoming: passes authenticated userId and forwards date window"}],"endTime":1787143227817,"message":"","name":"D:\\Project 2\\CashFlow\\apps\\backend\\src\\modules\\bills\\controllers\\bills.controller.spec.ts","startTime":1787143226840,"status":"passed","summary":""},{"assertionResults":[{"ancestorTitles":["AiModule dependency wiring"],"duration":15,"failing":false,"failureDetails":[],"failureMessages":[],"fullName":"AiModule dependency wiring registers every expected service and controller","invocations":1,"location":null,"numPassingAsserts":6,"retryReasons":[],"startAt":1787143228662,"status":"passed","title":"registers every expected service and controller"},{"ancestorTitles":["AiModule dependency wiring"],"duration":7,"failing":false,"failureDetails":[],"failureMessages":[],"fullName":"AiModule dependency wiring binds AI_PROVIDER to a single SimpleAiProvider instance","invocations":1,"location":null,"numPassingAsserts":2,"retryReasons":[],"startAt":1787143228678,"status":"passed","title":"binds AI_PROVIDER to a single SimpleAiProvider instance"},{"ancestorTitles":["AiModule dependency wiring"],"duration":7,"failing":false,"failureDetails":[],"failureMessages":[],"fullName":"AiModule dependency wiring resolves services as singletons without duplicate instances","invocations":1,"location":null,"numPassingAsserts":4,"retryReasons":[],"startAt":1787143228685,"status":"passed","title":"resolves services as singletons without duplicate instances"},{"ancestorTitles":["AiModule dependency wiring"],"duration":6,"failing":false,"failureDetails":[],"failureMessages":[],"fullName":"AiModule dependency wiring wires the real audit rate-limit guard with test-safe dependencies","invocations":1,"location":null,"numPassingAsserts":1,"retryReasons":[],"startAt":1787143228692,"status":"passed","title":"wires the real audit rate-limit guard with test-safe dependencies"}],"endTime":1787143228699,"message":"","name":"D:\\Project 2\\CashFlow\\apps\\backend\\src\\modules\\ai\\ai.module.spec.ts","startTime":1787143227850,"status":"passed","summary":""},{"assertionResults":[{"ancestorTitles":["TransactionsController (security)"],"duration":150,"failing":false,"failureDetails":[],"failureMessages":[],"fullName":"TransactionsController (security) create: passes authenticated userId to service and ignores client-supplied userId/user_id","invocations":1,"location":null,"numPassingAsserts":2,"retryReasons":[],"startAt":1787143229494,"status":"passed","title":"create: passes authenticated userId to service and ignores client-supplied userId/user_id"},{"ancestorTitles":["TransactionsController (security)"],"duration":11,"failing":false,"failureDetails":[],"failureMessages":[],"fullName":"TransactionsController (security) create: propagates request trace metadata from headers","invocations":1,"location":null,"numPassingAsserts":2,"retryReasons":[],"startAt":1787143229644,"status":"passed","title":"create: propagates request trace metadata from headers"},{"ancestorTitles":["TransactionsController (security)"],"duration":13,"failing":false,"failureDetails":[],"failureMessages":[],"fullName":"TransactionsController (security) update: passes authenticated userId to service and ignores client-supplied userId","invocations":1,"location":null,"numPassingAsserts":2,"retryReasons":[],"startAt":1787143229655,"status":"passed","title":"update: passes authenticated userId to service and ignores client-supplied userId"},{"ancestorTitles":["TransactionsController (security)"],"duration":13,"failing":false,"failureDetails":[],"failureMessages":[],"fullName":"TransactionsController (security) getById: passes authenticated userId to service","invocations":1,"location":null,"numPassingAsserts":2,"retryReasons":[],"startAt":1787143229668,"status":"passed","title":"getById: passes authenticated userId to service"},{"ancestorTitles":["TransactionsController (security)"],"duration":10,"failing":false,"failureDetails":[],"failureMessages":[],"fullName":"TransactionsController (security) delete: passes authenticated userId to service","invocations":1,"location":null,"numPassingAsserts":2,"retryReasons":[],"startAt":1787143229681,"status":"passed","title":"delete: passes authenticated userId to service"},{"ancestorTitles":["TransactionsController (security)"],"duration":12,"failing":false,"failureDetails":[],"failureMessages":[],"fullName":"TransactionsController (security) list: passes authenticated userId to service","invocations":1,"location":null,"numPassingAsserts":2,"retryReasons":[],"startAt":1787143229691,"status":"passed","title":"list: passes authenticated userId to service"},{"ancestorTitles":["TransactionsController (security)"],"duration":11,"failing":false,"failureDetails":[],"failureMessages":[],"fullName":"TransactionsController (security) search: passes authenticated userId to service","invocations":1,"location":null,"numPassingAsserts":2,"retryReasons":[],"startAt":1787143229703,"status":"passed","title":"search: passes authenticated userId to service"}],"endTime":1787143229715,"message":"","name":"D:\\Project 2\\CashFlow\\apps\\backend\\src\\modules\\transactions\\controllers\\transactions.controller.spec.ts","startTime":1787143228745,"status":"passed","summary":""},{"assertionResults":[{"ancestorTitles":["SpendingPredictionController"],"duration":103,"failing":false,"failureDetails":[],"failureMessages":[],"fullName":"SpendingPredictionController rejects unauthenticated requests","invocations":1,"location":null,"numPassingAsserts":0,"retryReasons":[],"startAt":1787143230588,"status":"passed","title":"rejects unauthenticated requests"},{"ancestorTitles":["SpendingPredictionController"],"duration":14,"failing":false,"failureDetails":[],"failureMessages":[],"fullName":"SpendingPredictionController passes req.user.sub to the prediction service","invocations":1,"location":null,"numPassingAsserts":2,"retryReasons":[],"startAt":1787143230691,"status":"passed","title":"passes req.user.sub to the prediction service"},{"ancestorTitles":["SpendingPredictionController"],"duration":9,"failing":false,"failureDetails":[],"failureMessages":[],"fullName":"SpendingPredictionController uses the default horizon","invocations":1,"location":null,"numPassingAsserts":1,"retryReasons":[],"startAt":1787143230705,"status":"passed","title":"uses the default horizon"},{"ancestorTitles":["SpendingPredictionController"],"duration":8,"failing":false,"failureDetails":[],"failureMessages":[],"fullName":"SpendingPredictionController passes an explicit horizon to the service","invocations":1,"location":null,"numPassingAsserts":1,"retryReasons":[],"startAt":1787143230714,"status":"passed","title":"passes an explicit horizon to the service"},{"ancestorTitles":["SpendingPredictionController"],"duration":9,"failing":false,"failureDetails":[],"failureMessages":[],"fullName":"SpendingPredictionController returns insufficientData as a successful HTTP 200","invocations":1,"location":null,"numPassingAsserts":3,"retryReasons":[],"startAt":1787143230723,"status":"passed","title":"returns insufficientData as a successful HTTP 200"},{"ancestorTitles":["SpendingPredictionController"],"duration":8,"failing":false,"failureDetails":[],"failureMessages":[],"fullName":"SpendingPredictionController wraps the service response correctly","invocations":1,"location":null,"numPassingAsserts":1,"retryReasons":[],"startAt":1787143230732,"status":"passed","title":"wraps the service response correctly"},{"ancestorTitles":["SpendingPredictionController"],"duration":8,"failing":false,"failureDetails":[],"failureMessages":[],"fullName":"SpendingPredictionController rejects invalid query values","invocations":1,"location":null,"numPassingAsserts":0,"retryReasons":[],"startAt":1787143230740,"status":"passed","title":"rejects invalid query values"},{"ancestorTitles":["SpendingPredictionController"],"duration":10,"failing":false,"failureDetails":[],"failureMessages":[],"fullName":"SpendingPredictionController surfaces service failures through the exception pipeline","invocations":1,"location":null,"numPassingAsserts":0,"retryReasons":[],"startAt":1787143230749,"status":"passed","title":"surfaces service failures through the exception pipeline"},{"ancestorTitles":["SpendingPredictionController"],"duration":11,"failing":false,"failureDetails":[],"failureMessages":[],"fullName":"SpendingPredictionController rejects a client-supplied userId (production forbidNonWhitelisted contract)","invocations":1,"location":null,"numPassingAsserts":1,"retryReasons":[],"startAt":1787143230759,"status":"passed","title":"rejects a client-supplied userId (production forbidNonWhitelisted contract)"},{"ancestorTitles":["SpendingPredictionController"],"duration":9,"failing":false,"failureDetails":[],"failureMessages":[],"fullName":"SpendingPredictionController rejects a horizon below the minimum","invocations":1,"location":null,"numPassingAsserts":0,"retryReasons":[],"startAt":1787143230770,"status":"passed","title":"rejects a horizon below the minimum"},{"ancestorTitles":["SpendingPredictionController"],"duration":9,"failing":false,"failureDetails":[],"failureMessages":[],"fullName":"SpendingPredictionController rejects a non-integer horizon","invocations":1,"location":null,"numPassingAsserts":0,"retryReasons":[],"startAt":1787143230779,"status":"passed","title":"rejects a non-integer horizon"},{"ancestorTitles":["SpendingPredictionController"],"duration":10,"failing":false,"failureDetails":[],"failureMessages":[],"fullName":"SpendingPredictionController serializes only the documented contract shape with string money values","invocations":1,"location":null,"numPassingAsserts":10,"retryReasons":[],"startAt":1787143230788,"status":"passed","title":"serializes only the documented contract shape with string money values"}],"endTime":1787143230799,"message":"","name":"D:\\Project 2\\CashFlow\\apps\\backend\\src\\modules\\ai\\controllers\\spending-prediction.controller.spec.ts","startTime":1787143229763,"status":"passed","summary":""},{"assertionResults":[{"ancestorTitles":["InvestmentsController (security)"],"duration":145,"failing":false,"failureDetails":[],"failureMessages":[],"fullName":"InvestmentsController (security) create: passes authenticated userId and ignores client-supplied userId","invocations":1,"location":null,"numPassingAsserts":2,"retryReasons":[],"startAt":1787143231563,"status":"passed","title":"create: passes authenticated userId and ignores client-supplied userId"},{"ancestorTitles":["InvestmentsController (security)"],"duration":15,"failing":false,"failureDetails":[],"failureMessages":[],"fullName":"InvestmentsController (security) update: passes authenticated userId and ignores client-supplied userId","invocations":1,"location":null,"numPassingAsserts":2,"retryReasons":[],"startAt":1787143231708,"status":"passed","title":"update: passes authenticated userId and ignores client-supplied userId"},{"ancestorTitles":["InvestmentsController (security)"],"duration":14,"failing":false,"failureDetails":[],"failureMessages":[],"fullName":"InvestmentsController (security) getById: passes authenticated userId to service","invocations":1,"location":null,"numPassingAsserts":2,"retryReasons":[],"startAt":1787143231724,"status":"passed","title":"getById: passes authenticated userId to service"},{"ancestorTitles":["InvestmentsController (security)"],"duration":12,"failing":false,"failureDetails":[],"failureMessages":[],"fullName":"InvestmentsController (security) delete: passes authenticated userId to service","invocations":1,"location":null,"numPassingAsserts":2,"retryReasons":[],"startAt":1787143231739,"status":"passed","title":"delete: passes authenticated userId to service"},{"ancestorTitles":["InvestmentsController (security)"],"duration":13,"failing":false,"failureDetails":[],"failureMessages":[],"fullName":"InvestmentsController (security) list: passes authenticated userId to service","invocations":1,"location":null,"numPassingAsserts":2,"retryReasons":[],"startAt":1787143231751,"status":"passed","title":"list: passes authenticated userId to service"},{"ancestorTitles":["InvestmentsController (security)"],"duration":12,"failing":false,"failureDetails":[],"failureMessages":[],"fullName":"InvestmentsController (security) overview: passes authenticated userId to service","invocations":1,"location":null,"numPassingAsserts":2,"retryReasons":[],"startAt":1787143231765,"status":"passed","title":"overview: passes authenticated userId to service"}],"endTime":1787143231778,"message":"","name":"D:\\Project 2\\CashFlow\\apps\\backend\\src\\modules\\investments\\controllers\\investments.controller.spec.ts","startTime":1787143230825,"status":"passed","summary":""},{"assertionResults":[{"ancestorTitles":["SavingGoalsController (security)"],"duration":169,"failing":false,"failureDetails":[],"failureMessages":[],"fullName":"SavingGoalsController (security) create: passes authenticated userId and ignores client-supplied userId","invocations":1,"location":null,"numPassingAsserts":2,"retryReasons":[],"startAt":1787143232349,"status":"passed","title":"create: passes authenticated userId and ignores client-supplied userId"},{"ancestorTitles":["SavingGoalsController (security)"],"duration":12,"failing":false,"failureDetails":[],"failureMessages":[],"fullName":"SavingGoalsController (security) update: passes authenticated userId and ignores client-supplied userId","invocations":1,"location":null,"numPassingAsserts":2,"retryReasons":[],"startAt":1787143232518,"status":"passed","title":"update: passes authenticated userId and ignores client-supplied userId"},{"ancestorTitles":["SavingGoalsController (security)"],"duration":11,"failing":false,"failureDetails":[],"failureMessages":[],"fullName":"SavingGoalsController (security) getById: passes authenticated userId to service","invocations":1,"location":null,"numPassingAsserts":2,"retryReasons":[],"startAt":1787143232530,"status":"passed","title":"getById: passes authenticated userId to service"},{"ancestorTitles":["SavingGoalsController (security)"],"duration":12,"failing":false,"failureDetails":[],"failureMessages":[],"fullName":"SavingGoalsController (security) delete: passes authenticated userId to service","invocations":1,"location":null,"numPassingAsserts":2,"retryReasons":[],"startAt":1787143232541,"status":"passed","title":"delete: passes authenticated userId to service"},{"ancestorTitles":["SavingGoalsController (security)"],"duration":10,"failing":false,"failureDetails":[],"failureMessages":[],"fullName":"SavingGoalsController (security) list: passes authenticated userId to service","invocations":1,"location":null,"numPassingAsserts":2,"retryReasons":[],"startAt":1787143232553,"status":"passed","title":"list: passes authenticated userId to service"},{"ancestorTitles":["SavingGoalsController (security)"],"duration":11,"failing":false,"failureDetails":[],"failureMessages":[],"fullName":"SavingGoalsController (security) overview: passes authenticated userId to service","invocations":1,"location":null,"numPassingAsserts":2,"retryReasons":[],"startAt":1787143232563,"status":"passed","title":"overview: passes authenticated userId to service"}],"endTime":1787143232575,"message":"","name":"D:\\Project 2\\CashFlow\\apps\\backend\\src\\modules\\saving-goals\\controllers\\saving-goals.controller.spec.ts","startTime":1787143231803,"status":"passed","summary":""},{"assertionResults":[{"ancestorTitles":["TransfersController (security)"],"duration":120,"failing":false,"failureDetails":[],"failureMessages":[],"fullName":"TransfersController (security) create: passes authenticated userId and ignores client-supplied userId","invocations":1,"location":null,"numPassingAsserts":2,"retryReasons":[],"startAt":1787143233174,"status":"passed","title":"create: passes authenticated userId and ignores client-supplied userId"},{"ancestorTitles":["TransfersController (security)"],"duration":12,"failing":false,"failureDetails":[],"failureMessages":[],"fullName":"TransfersController (security) create: never uses req.user.id (non-whitelisted claim)","invocations":1,"location":null,"numPassingAsserts":2,"retryReasons":[],"startAt":1787143233294,"status":"passed","title":"create: never uses req.user.id (non-whitelisted claim)"},{"ancestorTitles":["TransfersController (security)"],"duration":9,"failing":false,"failureDetails":[],"failureMessages":[],"fullName":"TransfersController (security) list: passes authenticated userId to service","invocations":1,"location":null,"numPassingAsserts":2,"retryReasons":[],"startAt":1787143233307,"status":"passed","title":"list: passes authenticated userId to service"},{"ancestorTitles":["TransfersController (security)"],"duration":10,"failing":false,"failureDetails":[],"failureMessages":[],"fullName":"TransfersController (security) findById: passes authenticated userId and route id","invocations":1,"location":null,"numPassingAsserts":3,"retryReasons":[],"startAt":1787143233316,"status":"passed","title":"findById: passes authenticated userId and route id"}],"endTime":1787143233326,"message":"","name":"D:\\Project 2\\CashFlow\\apps\\backend\\src\\modules\\transfers\\controllers\\transfers.controller.spec.ts","startTime":1787143232583,"status":"passed","summary":""},{"assertionResults":[{"ancestorTitles":["AnalyticsController (security)"],"duration":81,"failing":false,"failureDetails":[],"failureMessages":[],"fullName":"AnalyticsController (security) getAnalytics: passes authenticated userId and ignores attacker-supplied userId","invocations":1,"location":null,"numPassingAsserts":4,"retryReasons":[],"startAt":1787143233818,"status":"passed","title":"getAnalytics: passes authenticated userId and ignores attacker-supplied userId"},{"ancestorTitles":["AnalyticsController (security)"],"duration":8,"failing":false,"failureDetails":[],"failureMessages":[],"fullName":"AnalyticsController (security) getAnalytics: identity comes from AuthUser context, not arbitrary request data","invocations":1,"location":null,"numPassingAsserts":1,"retryReasons":[],"startAt":1787143233899,"status":"passed","title":"getAnalytics: identity comes from AuthUser context, not arbitrary request data"}],"endTime":1787143233908,"message":"","name":"D:\\Project 2\\CashFlow\\apps\\backend\\src\\modules\\dashboard\\controllers\\analytics.controller.spec.ts","startTime":1787143233349,"status":"passed","summary":""},{"assertionResults":[{"ancestorTitles":["AiController"],"duration":130,"failing":false,"failureDetails":[],"failureMessages":[],"fullName":"AiController rejects unauthenticated requests","invocations":1,"location":null,"numPassingAsserts":1,"retryReasons":[],"startAt":1787143234622,"status":"passed","title":"rejects unauthenticated requests"},{"ancestorTitles":["AiController"],"duration":18,"failing":false,"failureDetails":[],"failureMessages":[],"fullName":"AiController rejects a client-supplied userId (production forbidNonWhitelisted contract)","invocations":1,"location":null,"numPassingAsserts":1,"retryReasons":[],"startAt":1787143234752,"status":"passed","title":"rejects a client-supplied userId (production forbidNonWhitelisted contract)"},{"ancestorTitles":["AiController"],"duration":13,"failing":false,"failureDetails":[],"failureMessages":[],"fullName":"AiController returns a suggestion for authenticated users","invocations":1,"location":null,"numPassingAsserts":2,"retryReasons":[],"startAt":1787143234770,"status":"passed","title":"returns a suggestion for authenticated users"}],"endTime":1787143234784,"message":"","name":"D:\\Project 2\\CashFlow\\apps\\backend\\src\\modules\\ai\\controllers\\ai.controller.spec.ts","startTime":1787143233912,"status":"passed","summary":""},{"assertionResults":[{"ancestorTitles":["Multi-currency DTO validation"],"duration":2,"failing":false,"failureDetails":[],"failureMessages":[],"fullName":"Multi-currency DTO validation accepts USD as a valid budget currency","invocations":1,"location":null,"numPassingAsserts":1,"retryReasons":[],"startAt":1787143235435,"status":"passed","title":"accepts USD as a valid budget currency"},{"ancestorTitles":["Multi-currency DTO validation"],"duration":1,"failing":false,"failureDetails":[],"failureMessages":[],"fullName":"Multi-currency DTO validation accepts IDR as a valid budget currency","invocations":1,"location":null,"numPassingAsserts":1,"retryReasons":[],"startAt":1787143235437,"status":"passed","title":"accepts IDR as a valid budget currency"},{"ancestorTitles":["Multi-currency DTO validation"],"duration":1,"failing":false,"failureDetails":[],"failureMessages":[],"fullName":"Multi-currency DTO validation accepts SGD as a valid budget currency","invocations":1,"location":null,"numPassingAsserts":1,"retryReasons":[],"startAt":1787143235438,"status":"passed","title":"accepts SGD as a valid budget currency"},{"ancestorTitles":["Multi-currency DTO validation"],"duration":0,"failing":false,"failureDetails":[],"failureMessages":[],"fullName":"Multi-currency DTO validation accepts EUR as a valid budget currency","invocations":1,"location":null,"numPassingAsserts":1,"retryReasons":[],"startAt":1787143235439,"status":"passed","title":"accepts EUR as a valid budget currency"},{"ancestorTitles":["Multi-currency DTO validation"],"duration":1,"failing":false,"failureDetails":[],"failureMessages":[],"fullName":"Multi-currency DTO validation rejects JPY as invalid budget currency","invocations":1,"location":null,"numPassingAsserts":1,"retryReasons":[],"startAt":1787143235439,"status":"passed","title":"rejects JPY as invalid budget currency"},{"ancestorTitles":["Multi-currency DTO validation"],"duration":1,"failing":false,"failureDetails":[],"failureMessages":[],"fullName":"Multi-currency DTO validation rejects random string as invalid budget currency","invocations":1,"location":null,"numPassingAsserts":1,"retryReasons":[],"startAt":1787143235440,"status":"passed","title":"rejects random string as invalid budget currency"},{"ancestorTitles":["Multi-currency DTO validation"],"duration":1,"failing":false,"failureDetails":[],"failureMessages":[],"fullName":"Multi-currency DTO validation accepts USD as a valid saving goal currency","invocations":1,"location":null,"numPassingAsserts":1,"retryReasons":[],"startAt":1787143235441,"status":"passed","title":"accepts USD as a valid saving goal currency"},{"ancestorTitles":["Multi-currency DTO validation"],"duration":0,"failing":false,"failureDetails":[],"failureMessages":[],"fullName":"Multi-currency DTO validation accepts IDR as a valid saving goal currency","invocations":1,"location":null,"numPassingAsserts":1,"retryReasons":[],"startAt":1787143235442,"status":"passed","title":"accepts IDR as a valid saving goal currency"},{"ancestorTitles":["Multi-currency DTO validation"],"duration":0,"failing":false,"failureDetails":[],"failureMessages":[],"fullName":"Multi-currency DTO validation accepts SGD as a valid saving goal currency","invocations":1,"location":null,"numPassingAsserts":1,"retryReasons":[],"startAt":1787143235443,"status":"passed","title":"accepts SGD as a valid saving goal currency"},{"ancestorTitles":["Multi-currency DTO validation"],"duration":0,"failing":false,"failureDetails":[],"failureMessages":[],"fullName":"Multi-currency DTO validation accepts EUR as a valid saving goal currency","invocations":1,"location":null,"numPassingAsserts":1,"retryReasons":[],"startAt":1787143235443,"status":"passed","title":"accepts EUR as a valid saving goal currency"},{"ancestorTitles":["Multi-currency DTO validation"],"duration":1,"failing":false,"failureDetails":[],"failureMessages":[],"fullName":"Multi-currency DTO validation rejects JPY as invalid saving goal currency","invocations":1,"location":null,"numPassingAsserts":1,"retryReasons":[],"startAt":1787143235443,"status":"passed","title":"rejects JPY as invalid saving goal currency"},{"ancestorTitles":["Multi-currency DTO validation"],"duration":0,"failing":false,"failureDetails":[],"failureMessages":[],"fullName":"Multi-currency DTO validation rejects random string as invalid saving goal currency","invocations":1,"location":null,"numPassingAsserts":1,"retryReasons":[],"startAt":1787143235444,"status":"passed","title":"rejects random string as invalid saving goal currency"},{"ancestorTitles":["Multi-currency DTO validation"],"duration":1,"failing":false,"failureDetails":[],"failureMessages":[],"fullName":"Multi-currency DTO validation accepts USD as a valid investment currency","invocations":1,"location":null,"numPassingAsserts":1,"retryReasons":[],"startAt":1787143235444,"status":"passed","title":"accepts USD as a valid investment currency"},{"ancestorTitles":["Multi-currency DTO validation"],"duration":1,"failing":false,"failureDetails":[],"failureMessages":[],"fullName":"Multi-currency DTO validation accepts IDR as a valid investment currency","invocations":1,"location":null,"numPassingAsserts":1,"retryReasons":[],"startAt":1787143235445,"status":"passed","title":"accepts IDR as a valid investment currency"},{"ancestorTitles":["Multi-currency DTO validation"],"duration":1,"failing":false,"failureDetails":[],"failureMessages":[],"fullName":"Multi-currency DTO validation accepts SGD as a valid investment currency","invocations":1,"location":null,"numPassingAsserts":1,"retryReasons":[],"startAt":1787143235446,"status":"passed","title":"accepts SGD as a valid investment currency"},{"ancestorTitles":["Multi-currency DTO validation"],"duration":0,"failing":false,"failureDetails":[],"failureMessages":[],"fullName":"Multi-currency DTO validation accepts EUR as a valid investment currency","invocations":1,"location":null,"numPassingAsserts":1,"retryReasons":[],"startAt":1787143235447,"status":"passed","title":"accepts EUR as a valid investment currency"},{"ancestorTitles":["Multi-currency DTO validation"],"duration":1,"failing":false,"failureDetails":[],"failureMessages":[],"fullName":"Multi-currency DTO validation rejects JPY as invalid investment currency","invocations":1,"location":null,"numPassingAsserts":1,"retryReasons":[],"startAt":1787143235447,"status":"passed","title":"rejects JPY as invalid investment currency"},{"ancestorTitles":["Multi-currency DTO validation"],"duration":1,"failing":false,"failureDetails":[],"failureMessages":[],"fullName":"Multi-currency DTO validation rejects random string as invalid investment currency","invocations":1,"location":null,"numPassingAsserts":1,"retryReasons":[],"startAt":1787143235448,"status":"passed","title":"rejects random string as invalid investment currency"}],"endTime":1787143235450,"message":"","name":"D:\\Project 2\\CashFlow\\apps\\backend\\src\\modules\\budgets\\services\\budget-currency-validation.spec.ts","startTime":1787143234830,"status":"passed","summary":""},{"assertionResults":[{"ancestorTitles":["ForecastService"],"duration":26,"failing":false,"failureDetails":[],"failureMessages":[],"fullName":"ForecastService forecasts from a normal 6-month history","invocations":1,"location":null,"numPassingAsserts":21,"retryReasons":[],"startAt":1787143236235,"status":"passed","title":"forecasts from a normal 6-month history"},{"ancestorTitles":["ForecastService"],"duration":12,"failing":false,"failureDetails":[],"failureMessages":[],"fullName":"ForecastService returns insufficientData for an empty history","invocations":1,"location":null,"numPassingAsserts":13,"retryReasons":[],"startAt":1787143236261,"status":"passed","title":"returns insufficientData for an empty history"},{"ancestorTitles":["ForecastService"],"duration":10,"failing":false,"failureDetails":[],"failureMessages":[],"fullName":"ForecastService returns insufficientData for a single populated month","invocations":1,"location":null,"numPassingAsserts":2,"retryReasons":[],"startAt":1787143236273,"status":"passed","title":"returns insufficientData for a single populated month"},{"ancestorTitles":["ForecastService"],"duration":11,"failing":false,"failureDetails":[],"failureMessages":[],"fullName":"ForecastService handles a zero-income history","invocations":1,"location":null,"numPassingAsserts":4,"retryReasons":[],"startAt":1787143236284,"status":"passed","title":"handles a zero-income history"},{"ancestorTitles":["ForecastService"],"duration":12,"failing":false,"failureDetails":[],"failureMessages":[],"fullName":"ForecastService handles a zero-expense history","invocations":1,"location":null,"numPassingAsserts":4,"retryReasons":[],"startAt":1787143236295,"status":"passed","title":"handles a zero-expense history"},{"ancestorTitles":["ForecastService"],"duration":13,"failing":false,"failureDetails":[],"failureMessages":[],"fullName":"ForecastService projects a negative cashflow","invocations":1,"location":null,"numPassingAsserts":2,"retryReasons":[],"startAt":1787143236307,"status":"passed","title":"projects a negative cashflow"},{"ancestorTitles":["ForecastService"],"duration":13,"failing":false,"failureDetails":[],"failureMessages":[],"fullName":"ForecastService excludes transfer transactions","invocations":1,"location":null,"numPassingAsserts":5,"retryReasons":[],"startAt":1787143236321,"status":"passed","title":"excludes transfer transactions"},{"ancestorTitles":["ForecastService"],"duration":14,"failing":false,"failureDetails":[],"failureMessages":[],"fullName":"ForecastService flags and excludes a 3-sigma outlier month","invocations":1,"location":null,"numPassingAsserts":7,"retryReasons":[],"startAt":1787143236335,"status":"passed","title":"flags and excludes a 3-sigma outlier month"},{"ancestorTitles":["ForecastService"],"duration":11,"failing":false,"failureDetails":[],"failureMessages":[],"fullName":"ForecastService does not dilute the average with missing months","invocations":1,"location":null,"numPassingAsserts":7,"retryReasons":[],"startAt":1787143236349,"status":"passed","title":"does not dilute the average with missing months"},{"ancestorTitles":["ForecastService"],"duration":11,"failing":false,"failureDetails":[],"fa
[...]
ecution attempts and ensures no double-apply"}],"endTime":1787143268798,"message":"","name":"D:\\Project 2\\CashFlow\\apps\\backend\\src\\modules\\audit\\e6_1_staging_verification.spec.ts","startTime":1787143268696,"status":"passed","summary":""},{"assertionResults":[{"ancestorTitles":["HistoricalDataRecoveryService persistent write-back (unit)"],"duration":4,"failing":false,"failureDetails":[],"failureMessages":[],"fullName":"HistoricalDataRecoveryService persistent write-back (unit) executes a persisted recovery through the gateway with exact approved values and evidence","invocations":1,"location":null,"numPassingAsserts":18,"retryReasons":[],"startAt":1787143268874,"status":"passed","title":"executes a persisted recovery through the gateway with exact approved values and evidence"},{"ancestorTitles":["HistoricalDataRecoveryService persistent write-back (unit)"],"duration":0,"failing":false,"failureDetails":[],"failureMessages":[],"fullName":"HistoricalDataRecoveryService persistent write-back (unit) rejects execution when no write gateway is configured","invocations":1,"location":null,"numPassingAsserts":3,"retryReasons":[],"startAt":1787143268879,"status":"passed","title":"rejects execution when no write gateway is configured"},{"ancestorTitles":["HistoricalDataRecoveryService persistent write-back (unit)"],"duration":1,"failing":false,"failureDetails":[],"failureMessages":[],"fullName":"HistoricalDataRecoveryService persistent write-back (unit) rejects execution when recovery is disabled by configuration","invocations":1,"location":null,"numPassingAsserts":3,"retryReasons":[],"startAt":1787143268879,"status":"passed","title":"rejects execution when recovery is disabled by configuration"},{"ancestorTitles":["HistoricalDataRecoveryService persistent write-back (unit)"],"duration":1,"failing":false,"failureDetails":[],"failureMessages":[],"fullName":"HistoricalDataRecoveryService persistent write-back (unit) rejects execution when the approved candidate snapshot is missing","invocations":1,"location":null,"numPassingAsserts":3,"retryReasons":[],"startAt":1787143268880,"status":"passed","title":"rejects execution when the approved candidate snapshot is missing"},{"ancestorTitles":["HistoricalDataRecoveryService persistent write-back (unit)"],"duration":0,"failing":false,"failureDetails":[],"failureMessages":[],"fullName":"HistoricalDataRecoveryService persistent write-back (unit) rejects execution for non-transaction findings","invocations":1,"location":null,"numPassingAsserts":3,"retryReasons":[],"startAt":1787143268881,"status":"passed","title":"rejects execution for non-transaction findings"},{"ancestorTitles":["HistoricalDataRecoveryService persistent write-back (unit)"],"duration":1,"failing":false,"failureDetails":[],"failureMessages":[],"fullName":"HistoricalDataRecoveryService persistent write-back (unit) rejects execution when the finding carries no preserved evidence","invocations":1,"location":null,"numPassingAsserts":3,"retryReasons":[],"startAt":1787143268881,"status":"passed","title":"rejects execution when the finding carries no preserved evidence"},{"ancestorTitles":["HistoricalDataRecoveryService persistent write-back (unit)"],"duration":1,"failing":false,"failureDetails":[],"failureMessages":[],"fullName":"HistoricalDataRecoveryService persistent write-back (unit) rejects execution before explicit approval","invocations":1,"location":null,"numPassingAsserts":2,"retryReasons":[],"startAt":1787143268882,"status":"passed","title":"rejects execution before explicit approval"},{"ancestorTitles":["HistoricalDataRecoveryService persistent write-back (unit)"],"duration":0,"failing":false,"failureDetails":[],"failureMessages":[],"fullName":"HistoricalDataRecoveryService persistent write-back (unit) rejects execution by a different actor","invocations":1,"location":null,"numPassingAsserts":3,"retryReasons":[],"startAt":1787143268883,"status":"passed","title":"rejects execution by a different actor"},{"ancestorTitles":["HistoricalDataRecoveryService persistent write-back (unit)"],"duration":28,"failing":false,"failureDetails":[],"failureMessages":[],"fullName":"HistoricalDataRecoveryService persistent write-back (unit) preserves the automatic ×100 / ÷100 prohibition during approval","invocations":1,"location":null,"numPassingAsserts":1,"retryReasons":[],"startAt":1787143268883,"status":"passed","title":"preserves the automatic ×100 / ÷100 prohibition during approval"},{"ancestorTitles":["HistoricalDataRecoveryService persistent write-back (unit)"],"duration":0,"failing":false,"failureDetails":[],"failureMessages":[],"fullName":"HistoricalDataRecoveryService persistent write-back (unit) maps an idempotent gateway outcome without a second mutation","invocations":1,"location":null,"numPassingAsserts":3,"retryReasons":[],"startAt":1787143268911,"status":"passed","title":"maps an idempotent gateway outcome without a second mutation"},{"ancestorTitles":["HistoricalDataRecoveryService persistent write-back (unit)"],"duration":1,"failing":false,"failureDetails":[],"failureMessages":[],"fullName":"HistoricalDataRecoveryService persistent write-back (unit) returns idempotency from the in-memory ledger without calling the gateway again","invocations":1,"location":null,"numPassingAsserts":5,"retryReasons":[],"startAt":1787143268911,"status":"passed","title":"returns idempotency from the in-memory ledger without calling the gateway again"},{"ancestorTitles":["HistoricalDataRecoveryService persistent write-back (unit)"],"duration":1,"failing":false,"failureDetails":[],"failureMessages":[],"fullName":"HistoricalDataRecoveryService persistent write-back (unit) maps a stale gateway outcome without mutation","invocations":1,"location":null,"numPassingAsserts":3,"retryReasons":[],"startAt":1787143268912,"status":"passed","title":"maps a stale gateway outcome without mutation"},{"ancestorTitles":["HistoricalDataRecoveryService persistent write-back (unit)"],"duration":1,"failing":false,"failureDetails":[],"failureMessages":[],"fullName":"HistoricalDataRecoveryService persistent write-back (unit) rolls back a persisted recovery to the exact original value","invocations":1,"location":null,"numPassingAsserts":7,"retryReasons":[],"startAt":1787143268913,"status":"passed","title":"rolls back a persisted recovery to the exact original value"},{"ancestorTitles":["HistoricalDataRecoveryService persistent write-back (unit)"],"duration":0,"failing":false,"failureDetails":[],"failureMessages":[],"fullName":"HistoricalDataRecoveryService persistent write-back (unit) maps an idempotent rollback outcome without mutation","invocations":1,"location":null,"numPassingAsserts":3,"retryReasons":[],"startAt":1787143268914,"status":"passed","title":"maps an idempotent rollback outcome without mutation"},{"ancestorTitles":["HistoricalDataRecoveryService persistent write-back (unit)"],"duration":1,"failing":false,"failureDetails":[],"failureMessages":[],"fullName":"HistoricalDataRecoveryService persistent write-back (unit) refuses a second persistent rollback once rolled back","invocations":1,"location":null,"numPassingAsserts":2,"retryReasons":[],"startAt":1787143268914,"status":"passed","title":"refuses a second persistent rollback once rolled back"},{"ancestorTitles":["HistoricalDataRecoveryService persistent write-back (unit)"],"duration":0,"failing":false,"failureDetails":[],"failureMessages":[],"fullName":"HistoricalDataRecoveryService persistent write-back (unit) rejects rollback by a different actor","invocations":1,"location":null,"numPassingAsserts":2,"retryReasons":[],"startAt":1787143268915,"status":"passed","title":"rejects rollback by a different actor"},{"ancestorTitles":["HistoricalDataRecoveryService persistent write-back (unit)"],"duration":1,"failing":false,"failureDetails":[],"failureMessages":[],"fullName":"HistoricalDataRecoveryService persistent write-back (unit) maps a stale rollback outcome without mutation","invocations":1,"location":null,"numPassingAsserts":3,"retryReasons":[],"startAt":1787143268915,"status":"passed","title":"maps a stale rollback outcome without mutation"},{"ancestorTitles":["HistoricalDataRecoveryService persistent write-back (unit)"],"duration":0,"failing":false,"failureDetails":[],"failureMessages":[],"fullName":"HistoricalDataRecoveryService persistent write-back (unit) rejects rollback when no write gateway is configured","invocations":1,"location":null,"numPassingAsserts":2,"retryReasons":[],"startAt":1787143268916,"status":"passed","title":"rejects rollback when no write gateway is configured"},{"ancestorTitles":["HistoricalDataRecoveryService persistent write-back (unit)"],"duration":1,"failing":false,"failureDetails":[],"failureMessages":[],"fullName":"HistoricalDataRecoveryService persistent write-back (unit) passes the reviewed candidate fingerprint to the gateway outcome","invocations":1,"location":null,"numPassingAsserts":2,"retryReasons":[],"startAt":1787143268916,"status":"passed","title":"passes the reviewed candidate fingerprint to the gateway outcome"}],"endTime":1787143268918,"message":"","name":"D:\\Project 2\\CashFlow\\apps\\backend\\src\\modules\\audit\\historical-recovery-writeback.service.spec.ts","startTime":1787143268805,"status":"passed","summary":""},{"assertionResults":[{"ancestorTitles":["Money.from (minor-unit scaling)"],"duration":2,"failing":false,"failureDetails":[],"failureMessages":[],"fullName":"Money.from (minor-unit scaling) IDR is scaled by x1 (no decimal places)","invocations":1,"location":null,"numPassingAsserts":6,"retryReasons":[],"startAt":1787143268992,"status":"passed","title":"IDR is scaled by x1 (no decimal places)"},{"ancestorTitles":["Money.from (minor-unit scaling)"],"duration":1,"failing":false,"failureDetails":[],"failureMessages":[],"fullName":"Money.from (minor-unit scaling) REGRESSION: 1.000.000 IDR must NOT become 100.000.000","invocations":1,"location":null,"numPassingAsserts":2,"retryReasons":[],"startAt":1787143268994,"status":"passed","title":"REGRESSION: 1.000.000 IDR must NOT become 100.000.000"},{"ancestorTitles":["Money.from (minor-unit scaling)"],"duration":0,"failing":false,"failureDetails":[],"failureMessages":[],"fullName":"Money.from (minor-unit scaling) USD is scaled by x100 (2 decimal places)","invocations":1,"location":null,"numPassingAsserts":8,"retryReasons":[],"startAt":1787143268995,"status":"passed","title":"USD is scaled by x100 (2 decimal places)"},{"ancestorTitles":["Money.from (minor-unit scaling)"],"duration":1,"failing":false,"failureDetails":[],"failureMessages":[],"fullName":"Money.from (minor-unit scaling) SGD is scaled by x100","invocations":1,"location":null,"numPassingAsserts":2,"retryReasons":[],"startAt":1787143268995,"status":"passed","title":"SGD is scaled by x100"},{"ancestorTitles":["Money.from (minor-unit scaling)"],"duration":0,"failing":false,"failureDetails":[],"failureMessages":[],"fullName":"Money.from (minor-unit scaling) EUR is scaled by x100","invocations":1,"location":null,"numPassingAsserts":2,"retryReasons":[],"startAt":1787143268996,"status":"passed","title":"EUR is scaled by x100"},{"ancestorTitles":["Money.from (minor-unit scaling)"],"duration":0,"failing":false,"failureDetails":[],"failureMessages":[],"fullName":"Money.from (minor-unit scaling) zero maps to zero minor units","invocations":1,"location":null,"numPassingAsserts":2,"retryReasons":[],"startAt":1787143268996,"status":"passed","title":"zero maps to zero minor units"},{"ancestorTitles":["Money.from (minor-unit scaling)"],"duration":1,"failing":false,"failureDetails":[],"failureMessages":[],"fullName":"Money.from (minor-unit scaling) negative values are preserved exactly","invocations":1,"location":null,"numPassingAsserts":2,"retryReasons":[],"startAt":1787143268996,"status":"passed","title":"negative values are preserved exactly"},{"ancestorTitles":["Money.from (minor-unit scaling)"],"duration":1,"failing":false,"failureDetails":[],"failureMessages":[],"fullName":"Money.from (minor-unit scaling) does not double-scale or truncate random decimals","invocations":1,"location":null,"numPassingAsserts":7,"retryReasons":[],"startAt":1787143268997,"status":"passed","title":"does not double-scale or truncate random decimals"},{"ancestorTitles":["parseMoneyInput"],"duration":1,"failing":false,"failureDetails":[],"failureMessages":[],"fullName":"parseMoneyInput parses IDR grouped with dots","invocations":1,"location":null,"numPassingAsserts":3,"retryReasons":[],"startAt":1787143268998,"status":"passed","title":"parses IDR grouped with dots"},{"ancestorTitles":["parseMoneyInput"],"duration":0,"failing":false,"failureDetails":[],"failureMessages":[],"fullName":"parseMoneyInput parses IDR grouped with commas","invocations":1,"location":null,"numPassingAsserts":1,"retryReasons":[],"startAt":1787143268999,"status":"passed","title":"parses IDR grouped with commas"},{"ancestorTitles":["parseMoneyInput"],"duration":1,"failing":false,"failureDetails":[],"failureMessages":[],"fullName":"parseMoneyInput parses USD with en-US separators","invocations":1,"location":null,"numPassingAsserts":3,"retryReasons":[],"startAt":1787143268999,"status":"passed","title":"parses USD with en-US separators"},{"ancestorTitles":["parseMoneyInput"],"duration":0,"failing":false,"failureDetails":[],"failureMessages":[],"fullName":"parseMoneyInput parses EUR with de-DE separators","invocations":1,"location":null,"numPassingAsserts":3,"retryReasons":[],"startAt":1787143269000,"status":"passed","title":"parses EUR with de-DE separators"},{"ancestorTitles":["parseMoneyInput"],"duration":14,"failing":false,"failureDetails":[],"failureMessages":[],"fullName":"parseMoneyInput rejects malformed IDR input instead of silently truncating","invocations":1,"location":null,"numPassingAsserts":1,"retryReasons":[],"startAt":1787143269000,"status":"passed","title":"rejects malformed IDR input instead of silently truncating"},{"ancestorTitles":["Money arithmetic invariants"],"duration":1,"failing":false,"failureDetails":[],"failureMessages":[],"fullName":"Money arithmetic invariants a + b - b === a (IDR)","invocations":1,"location":null,"numPassingAsserts":1,"retryReasons":[],"startAt":1787143269014,"status":"passed","title":"a + b - b === a (IDR)"},{"ancestorTitles":["Money arithmetic invariants"],"duration":0,"failing":false,"failureDetails":[],"failureMessages":[],"fullName":"Money arithmetic invariants a - a === zero","invocations":1,"location":null,"numPassingAsserts":1,"retryReasons":[],"startAt":1787143269015,"status":"passed","title":"a - a === zero"},{"ancestorTitles":["Money arithmetic invariants"],"duration":0,"failing":false,"failureDetails":[],"failureMessages":[],"fullName":"Money arithmetic invariants round-trips parse -> minor units exactly","invocations":1,"location":null,"numPassingAsserts":2,"retryReasons":[],"startAt":1787143269015,"status":"passed","title":"round-trips parse -> minor units exactly"}],"endTime":1787143269016,"message":"","name":"D:\\Project 2\\CashFlow\\apps\\backend\\src\\common\\utils\\money.utils.spec.ts","startTime":1787143268924,"status":"passed","summary":""},{"assertionResults":[{"ancestorTitles":["toNotificationResponse"],"duration":1,"failing":false,"failureDetails":[],"failureMessages":[],"fullName":"toNotificationResponse strips internal dedupeKey from metadata","invocations":1,"location":null,"numPassingAsserts":2,"retryReasons":[],"startAt":1787143269091,"status":"passed","title":"strips internal dedupeKey from metadata"}],"endTime":1787143269092,"message":"","name":"D:\\Project 2\\CashFlow\\apps\\backend\\src\\modules\\notifications\\mappers\\notification.mapper.spec.ts","startTime":1787143269025,"status":"passed","summary":""},{"assertionResults":[{"ancestorTitles":["serializeBigInt"],"duration":1,"failing":false,"failureDetails":[],"failureMessages":[],"fullName":"serializeBigInt converts top-level BigInt to string","invocations":1,"location":null,"numPassingAsserts":1,"retryReasons":[],"startAt":1787143269165,"status":"passed","title":"converts top-level BigInt to string"},{"ancestorTitles":["serializeBigInt"],"duration":2,"failing":false,"failureDetails":[],"failureMessages":[],"fullName":"serializeBigInt converts nested BigInt values","invocations":1,"location":null,"numPassingAsserts":9,"retryReasons":[],"startAt":1787143269166,"status":"passed","title":"converts nested BigInt values"},{"ancestorTitles":["serializeBigInt"],"duration":0,"failing":false,"failureDetails":[],"failureMessages":[],"fullName":"serializeBigInt dates become ISO strings","invocations":1,"location":null,"numPassingAsserts":1,"retryReasons":[],"startAt":1787143269168,"status":"passed","title":"dates become ISO strings"}],"endTime":1787143269169,"message":"","name":"D:\\Project 2\\CashFlow\\apps\\backend\\src\\tools\\recovery\\serializer.spec.ts","startTime":1787143269098,"status":"passed","summary":""},{"assertionResults":[{"ancestorTitles":["HistoricalDataAuditService"],"duration":2,"failing":false,"failureDetails":[],"failureMessages":[],"fullName":"HistoricalDataAuditService does not flag clean data as suspicious","invocations":1,"location":null,"numPassingAsserts":2,"retryReasons":[],"startAt":1787143269260,"status":"passed","title":"does not flag clean data as suspicious"},{"ancestorTitles":["HistoricalDataAuditService"],"duration":0,"failing":false,"failureDetails":[],"failureMessages":[],"fullName":"HistoricalDataAuditService accepts valid IDR and decimal-currency references without false positives","invocations":1,"location":null,"numPassingAsserts":1,"retryReasons":[],"startAt":1787143269263,"status":"passed","title":"accepts valid IDR and decimal-currency references without false positives"},{"ancestorTitles":["HistoricalDataAuditService"],"duration":1,"failing":false,"failureDetails":[],"failureMessages":[],"fullName":"HistoricalDataAuditService detects mixed currency aggregation in the same account and period","invocations":1,"location":null,"numPassingAsserts":1,"retryReasons":[],"startAt":1787143269263,"status":"passed","title":"detects mixed currency aggregation in the same account and period"},{"ancestorTitles":["HistoricalDataAuditService"],"duration":1,"failing":false,"failureDetails":[],"failureMessages":[],"fullName":"HistoricalDataAuditService detects balance discrepancies without mutating historical records","invocations":1,"location":null,"numPassingAsserts":2,"retryReasons":[],"startAt":1787143269264,"status":"passed","title":"detects balance discrepancies without mutating historical records"},{"ancestorTitles":["HistoricalDataAuditService"],"duration":1,"failing":false,"failureDetails":[],"failureMessages":[],"fullName":"HistoricalDataAuditService detects transfer mismatch and cross-currency transfer anomalies","invocations":1,"location":null,"numPassingAsserts":1,"retryReasons":[],"startAt":1787143269265,"status":"passed","title":"detects transfer mismatch and cross-currency transfer anomalies"},{"ancestorTitles":["HistoricalDataAuditService"],"duration":0,"failing":false,"failureDetails":[],"failureMessages":[],"fullName":"HistoricalDataAuditService keeps BigInt precision exact for values beyond MAX_SAFE_INTEGER","invocations":1,"location":null,"numPassingAsserts":3,"retryReasons":[],"startAt":1787143269266,"status":"passed","title":"keeps BigInt precision exact for values beyond MAX_SAFE_INTEGER"},{"ancestorTitles":["HistoricalDataAuditService"],"duration":0,"failing":false,"failureDetails":[],"failureMessages":[],"fullName":"HistoricalDataAuditService exposes read-only audit contract in case of accidental write attempts","invocations":1,"location":null,"numPassingAsserts":3,"retryReasons":[],"startAt":1787143269266,"status":"passed","title":"exposes read-only audit contract in case of accidental write attempts"}],"endTime":1787143269267,"message":"","name":"D:\\Project 2\\CashFlow\\apps\\backend\\src\\modules\\audit\\historical-data-audit.service.spec.ts","startTime":1787143269186,"status":"passed","summary":""}],"wasInterrupted":false}
